mode: atomic
github.com/calypr/git-drs/client/anvil/anvil_client.go:23.96,26.16 2 0
github.com/calypr/git-drs/client/anvil/anvil_client.go:26.16,28.3 1 0
github.com/calypr/git-drs/client/anvil/anvil_client.go:30.2,35.16 3 0
github.com/calypr/git-drs/client/anvil/anvil_client.go:35.16,37.3 1 0
github.com/calypr/git-drs/client/anvil/anvil_client.go:39.2,40.16 2 0
github.com/calypr/git-drs/client/anvil/anvil_client.go:40.16,42.3 1 0
github.com/calypr/git-drs/client/anvil/anvil_client.go:43.2,48.16 5 0
github.com/calypr/git-drs/client/anvil/anvil_client.go:48.16,50.3 1 0
github.com/calypr/git-drs/client/anvil/anvil_client.go:51.2,54.27 3 0
github.com/calypr/git-drs/client/anvil/anvil_client.go:54.27,59.47 4 0
github.com/calypr/git-drs/client/anvil/anvil_client.go:59.47,61.4 1 0
github.com/calypr/git-drs/client/anvil/anvil_client.go:62.3,62.43 1 0
github.com/calypr/git-drs/client/anvil/anvil_client.go:68.2,73.64 2 0
github.com/calypr/git-drs/client/anvil/anvil_client.go:73.64,75.3 1 0
github.com/calypr/git-drs/client/anvil/anvil_client.go:77.2,83.8 1 0
github.com/calypr/git-drs/client/anvil/anvil_client.go:88.37,91.16 3 0
github.com/calypr/git-drs/client/anvil/anvil_client.go:91.16,93.3 1 0
github.com/calypr/git-drs/client/anvil/anvil_client.go:95.2,97.16 3 0
github.com/calypr/git-drs/client/anvil/anvil_client.go:97.16,99.3 1 0
github.com/calypr/git-drs/client/anvil/anvil_client.go:101.2,101.47 1 0
github.com/calypr/git-drs/client/anvil/anvil_client.go:101.47,103.3 1 0
github.com/calypr/git-drs/client/anvil/anvil_client.go:105.2,105.31 1 0
github.com/calypr/git-drs/client/anvil/remote.go:22.44,24.2 1 1
github.com/calypr/git-drs/client/anvil/remote.go:26.43,28.2 1 1
github.com/calypr/git-drs/client/anvil/remote.go:30.45,32.2 1 1
github.com/calypr/git-drs/client/anvil/remote.go:34.123,37.2 1 1
github.com/calypr/git-drs/client/indexd/add_url.go:29.133,31.2 1 0
github.com/calypr/git-drs/client/indexd/add_url.go:34.216,36.16 2 0
github.com/calypr/git-drs/client/indexd/add_url.go:36.16,38.3 1 0
github.com/calypr/git-drs/client/indexd/add_url.go:40.2,40.21 1 0
github.com/calypr/git-drs/client/indexd/add_url.go:40.21,42.17 2 0
github.com/calypr/git-drs/client/indexd/add_url.go:42.17,44.4 1 0
github.com/calypr/git-drs/client/indexd/add_url.go:46.3,47.47 2 0
github.com/calypr/git-drs/client/indexd/add_url.go:47.47,51.4 1 0
github.com/calypr/git-drs/client/indexd/add_url.go:53.3,54.19 2 0
github.com/calypr/git-drs/client/indexd/add_url.go:54.19,56.4 1 0
github.com/calypr/git-drs/client/indexd/add_url.go:56.9,56.64 1 0
github.com/calypr/git-drs/client/indexd/add_url.go:56.64,58.4 1 0
github.com/calypr/git-drs/client/indexd/add_url.go:59.3,59.24 1 0
github.com/calypr/git-drs/client/indexd/add_url.go:59.24,61.4 1 0
github.com/calypr/git-drs/client/indexd/add_url.go:63.3,63.29 1 0
github.com/calypr/git-drs/client/indexd/add_url.go:63.29,65.18 2 0
github.com/calypr/git-drs/client/indexd/add_url.go:65.18,67.5 1 0
github.com/calypr/git-drs/client/indexd/add_url.go:70.3,71.21 2 0
github.com/calypr/git-drs/client/indexd/add_url.go:71.21,73.4 1 0
github.com/calypr/git-drs/client/indexd/add_url.go:73.9,73.69 1 0
github.com/calypr/git-drs/client/indexd/add_url.go:73.69,75.4 1 0
github.com/calypr/git-drs/client/indexd/add_url.go:77.3,77.56 1 0
github.com/calypr/git-drs/client/indexd/add_url.go:77.56,78.27 1 0
github.com/calypr/git-drs/client/indexd/add_url.go:78.27,80.5 1 0
github.com/calypr/git-drs/client/indexd/add_url.go:81.4,81.25 1 0
github.com/calypr/git-drs/client/indexd/add_url.go:85.2,91.16 3 0
github.com/calypr/git-drs/client/indexd/add_url.go:91.16,93.3 1 0
github.com/calypr/git-drs/client/indexd/add_url.go:95.2,96.31 2 0
github.com/calypr/git-drs/client/indexd/add_url.go:96.31,98.3 1 0
github.com/calypr/git-drs/client/indexd/add_url.go:100.2,100.67 1 0
github.com/calypr/git-drs/client/indexd/add_url.go:103.217,105.16 2 0
github.com/calypr/git-drs/client/indexd/add_url.go:105.16,107.3 1 0
github.com/calypr/git-drs/client/indexd/add_url.go:109.2,110.16 2 0
github.com/calypr/git-drs/client/indexd/add_url.go:110.16,112.3 1 0
github.com/calypr/git-drs/client/indexd/add_url.go:114.2,114.132 1 0
github.com/calypr/git-drs/client/indexd/add_url.go:117.158,122.16 4 0
github.com/calypr/git-drs/client/indexd/add_url.go:122.16,124.3 1 0
github.com/calypr/git-drs/client/indexd/add_url.go:126.2,127.25 2 0
github.com/calypr/git-drs/client/indexd/add_url.go:127.25,128.28 1 0
github.com/calypr/git-drs/client/indexd/add_url.go:128.28,130.9 2 0
github.com/calypr/git-drs/client/indexd/add_url.go:134.2,134.27 1 0
github.com/calypr/git-drs/client/indexd/add_url.go:134.27,136.41 2 0
github.com/calypr/git-drs/client/indexd/add_url.go:136.41,139.4 2 0
github.com/calypr/git-drs/client/indexd/add_url.go:141.3,143.66 3 0
github.com/calypr/git-drs/client/indexd/add_url.go:147.2,151.16 4 0
github.com/calypr/git-drs/client/indexd/add_url.go:151.16,153.3 1 0
github.com/calypr/git-drs/client/indexd/add_url.go:157.2,157.40 1 0
github.com/calypr/git-drs/client/indexd/add_url.go:160.169,165.27 4 0
github.com/calypr/git-drs/client/indexd/add_url.go:165.27,167.3 1 0
github.com/calypr/git-drs/client/indexd/add_url.go:169.2,169.23 1 0
github.com/calypr/git-drs/client/indexd/add_url.go:169.23,171.3 1 0
github.com/calypr/git-drs/client/indexd/add_url.go:173.2,173.63 1 0
github.com/calypr/git-drs/client/indexd/add_url.go:173.63,175.3 1 0
github.com/calypr/git-drs/client/indexd/add_url.go:177.2,178.16 2 0
github.com/calypr/git-drs/client/indexd/add_url.go:178.16,180.3 1 0
github.com/calypr/git-drs/client/indexd/add_url.go:182.2,183.16 2 0
github.com/calypr/git-drs/client/indexd/add_url.go:183.16,185.3 1 0
github.com/calypr/git-drs/client/indexd/add_url.go:186.2,186.12 1 0
github.com/calypr/git-drs/client/indexd/add_url.go:186.12,188.3 1 0
github.com/calypr/git-drs/client/indexd/add_url.go:190.2,192.16 3 0
github.com/calypr/git-drs/client/indexd/add_url.go:192.16,194.3 1 0
github.com/calypr/git-drs/client/indexd/add_url.go:196.2,200.16 4 0
github.com/calypr/git-drs/client/indexd/add_url.go:200.16,202.3 1 0
github.com/calypr/git-drs/client/indexd/add_url.go:204.2,205.16 2 0
github.com/calypr/git-drs/client/indexd/add_url.go:205.16,207.3 1 0
github.com/calypr/git-drs/client/indexd/add_url.go:208.2,208.71 1 0
github.com/calypr/git-drs/client/indexd/add_url.go:208.71,210.3 1 0
github.com/calypr/git-drs/client/indexd/add_url.go:212.2,217.8 2 0
github.com/calypr/git-drs/client/indexd/client.go:35.148,37.16 2 42
github.com/calypr/git-drs/client/indexd/client.go:37.16,39.3 1 0
github.com/calypr/git-drs/client/indexd/client.go:41.2,42.21 2 42
github.com/calypr/git-drs/client/indexd/client.go:42.21,44.3 1 1
github.com/calypr/git-drs/client/indexd/client.go:46.2,64.26 4 41
github.com/calypr/git-drs/client/indexd/client.go:64.26,66.3 1 0
github.com/calypr/git-drs/client/indexd/client.go:66.8,68.3 1 41
github.com/calypr/git-drs/client/indexd/client.go:70.2,74.20 3 41
github.com/calypr/git-drs/client/indexd/client.go:74.20,76.3 1 41
github.com/calypr/git-drs/client/indexd/client.go:77.2,95.8 6 41
github.com/calypr/git-drs/client/indexd/client.go:98.51,100.2 1 9
github.com/calypr/git-drs/client/indexd/client.go:102.95,104.2 1 1
github.com/calypr/git-drs/client/indexd/client.go:106.96,108.2 1 1
github.com/calypr/git-drs/client/indexd/client.go:110.123,112.2 1 1
github.com/calypr/git-drs/client/indexd/client.go:114.101,119.16 3 0
github.com/calypr/git-drs/client/indexd/client.go:119.16,122.3 2 0
github.com/calypr/git-drs/client/indexd/client.go:123.2,123.56 1 0
github.com/calypr/git-drs/client/indexd/client.go:126.137,127.23 1 0
github.com/calypr/git-drs/client/indexd/client.go:127.23,130.3 2 0
github.com/calypr/git-drs/client/indexd/client.go:133.2,134.16 2 0
github.com/calypr/git-drs/client/indexd/client.go:134.16,137.3 2 0
github.com/calypr/git-drs/client/indexd/client.go:138.2,138.27 1 0
github.com/calypr/git-drs/client/indexd/client.go:138.27,141.3 2 0
github.com/calypr/git-drs/client/indexd/client.go:143.2,147.36 3 0
github.com/calypr/git-drs/client/indexd/client.go:147.36,150.3 2 0
github.com/calypr/git-drs/client/indexd/client.go:153.2,154.22 2 0
github.com/calypr/git-drs/client/indexd/client.go:154.22,157.3 2 0
github.com/calypr/git-drs/client/indexd/client.go:158.2,161.16 3 0
github.com/calypr/git-drs/client/indexd/client.go:161.16,163.3 1 0
github.com/calypr/git-drs/client/indexd/client.go:165.2,165.76 1 0
github.com/calypr/git-drs/client/indexd/client.go:168.111,170.16 2 5
github.com/calypr/git-drs/client/indexd/client.go:170.16,172.3 1 0
github.com/calypr/git-drs/client/indexd/client.go:175.2,176.16 2 5
github.com/calypr/git-drs/client/indexd/client.go:176.16,178.3 1 0
github.com/calypr/git-drs/client/indexd/client.go:180.2,181.24 2 5
github.com/calypr/git-drs/client/indexd/client.go:181.24,183.38 2 5
github.com/calypr/git-drs/client/indexd/client.go:183.38,184.75 1 5
github.com/calypr/git-drs/client/indexd/client.go:184.75,186.10 2 5
github.com/calypr/git-drs/client/indexd/client.go:189.3,189.12 1 5
github.com/calypr/git-drs/client/indexd/client.go:189.12,191.4 1 5
github.com/calypr/git-drs/client/indexd/client.go:193.2,193.22 1 5
github.com/calypr/git-drs/client/indexd/client.go:196.97,198.2 1 0
github.com/calypr/git-drs/client/indexd/client.go:200.81,202.2 1 2
github.com/calypr/git-drs/client/indexd/client.go:204.121,206.2 1 1
github.com/calypr/git-drs/client/indexd/client.go:208.111,210.2 1 7
github.com/calypr/git-drs/client/indexd/client.go:212.125,214.2 1 1
github.com/calypr/git-drs/client/indexd/client.go:216.124,218.2 1 4
github.com/calypr/git-drs/client/indexd/client.go:220.71,222.2 1 4
github.com/calypr/git-drs/client/indexd/client.go:224.52,226.2 1 1
github.com/calypr/git-drs/client/indexd/client.go:228.46,230.2 1 1
github.com/calypr/git-drs/client/indexd/gen3_remote.go:20.43,22.2 1 43
github.com/calypr/git-drs/client/indexd/gen3_remote.go:24.42,26.2 1 2
github.com/calypr/git-drs/client/indexd/gen3_remote.go:28.44,30.2 1 42
github.com/calypr/git-drs/client/indexd/gen3_remote.go:32.122,35.16 3 41
github.com/calypr/git-drs/client/indexd/gen3_remote.go:35.16,37.3 1 1
github.com/calypr/git-drs/client/indexd/gen3_remote.go:39.2,40.109 2 40
github.com/calypr/git-drs/client/indexd/gen3_remote.go:40.109,42.3 1 0
github.com/calypr/git-drs/client/indexd/gen3_remote.go:44.2,44.55 1 40
github.com/calypr/git-drs/client/indexd/register.go:18.112,23.16 3 4
github.com/calypr/git-drs/client/indexd/register.go:23.16,25.3 1 0
github.com/calypr/git-drs/client/indexd/register.go:27.2,29.16 3 4
github.com/calypr/git-drs/client/indexd/register.go:29.16,31.54 1 2
github.com/calypr/git-drs/client/indexd/register.go:31.54,32.25 1 2
github.com/calypr/git-drs/client/indexd/register.go:32.25,34.5 1 0
github.com/calypr/git-drs/client/indexd/register.go:34.10,37.19 3 2
github.com/calypr/git-drs/client/indexd/register.go:37.19,39.6 1 0
github.com/calypr/git-drs/client/indexd/register.go:40.5,41.19 2 2
github.com/calypr/git-drs/client/indexd/register.go:41.19,43.6 1 0
github.com/calypr/git-drs/client/indexd/register.go:45.9,47.4 1 0
github.com/calypr/git-drs/client/indexd/register.go:49.2,54.16 4 4
github.com/calypr/git-drs/client/indexd/register.go:54.16,56.3 1 0
github.com/calypr/git-drs/client/indexd/register.go:57.2,57.18 1 4
github.com/calypr/git-drs/client/indexd/register.go:57.18,60.3 2 2
github.com/calypr/git-drs/client/indexd/register.go:61.2,69.16 5 2
github.com/calypr/git-drs/client/indexd/register.go:69.16,71.3 1 0
github.com/calypr/git-drs/client/indexd/register.go:72.2,72.28 1 2
github.com/calypr/git-drs/client/indexd/register.go:72.28,74.17 2 2
github.com/calypr/git-drs/client/indexd/register.go:74.17,76.4 1 0
github.com/calypr/git-drs/client/indexd/register.go:80.2,81.38 2 2
github.com/calypr/git-drs/client/indexd/register.go:81.38,83.3 1 2
github.com/calypr/git-drs/client/indexd/register.go:85.2,85.41 1 2
github.com/calypr/git-drs/client/indexd/register.go:85.41,94.17 4 1
github.com/calypr/git-drs/client/indexd/register.go:94.17,96.4 1 0
github.com/calypr/git-drs/client/indexd/register.go:97.8,111.17 3 1
github.com/calypr/git-drs/client/indexd/register.go:111.17,113.4 1 0
github.com/calypr/git-drs/client/indexd/register.go:115.2,115.23 1 2
github.com/calypr/git-drs/client/indexd/register.go:119.109,121.39 1 4
github.com/calypr/git-drs/client/indexd/register.go:121.39,123.3 1 0
github.com/calypr/git-drs/client/indexd/register.go:124.2,126.16 3 4
github.com/calypr/git-drs/client/indexd/register.go:126.16,129.3 1 0
github.com/calypr/git-drs/client/indexd/register.go:131.2,132.24 2 4
github.com/calypr/git-drs/client/tests/mock_types.go:29.64,31.2 1 0
github.com/calypr/git-drs/client/tests/mock_types.go:33.51,35.2 1 0
github.com/calypr/git-drs/cmd/addref/add-ref.go:22.54,31.17 6 0
github.com/calypr/git-drs/cmd/addref/add-ref.go:31.17,33.4 1 0
github.com/calypr/git-drs/cmd/addref/add-ref.go:35.3,36.17 2 0
github.com/calypr/git-drs/cmd/addref/add-ref.go:36.17,39.4 2 0
github.com/calypr/git-drs/cmd/addref/add-ref.go:41.3,42.17 2 0
github.com/calypr/git-drs/cmd/addref/add-ref.go:42.17,44.4 1 0
github.com/calypr/git-drs/cmd/addref/add-ref.go:46.3,47.17 2 0
github.com/calypr/git-drs/cmd/addref/add-ref.go:47.17,49.4 1 0
github.com/calypr/git-drs/cmd/addref/add-ref.go:50.3,51.70 2 0
github.com/calypr/git-drs/cmd/addref/add-ref.go:51.70,52.51 1 0
github.com/calypr/git-drs/cmd/addref/add-ref.go:52.51,54.5 1 0
github.com/calypr/git-drs/cmd/addref/add-ref.go:56.3,56.19 1 0
github.com/calypr/git-drs/cmd/addref/add-ref.go:56.19,58.4 1 0
github.com/calypr/git-drs/cmd/addref/add-ref.go:59.3,61.25 3 0
github.com/calypr/git-drs/cmd/addref/add-ref.go:61.25,64.4 1 0
github.com/calypr/git-drs/cmd/addref/add-ref.go:66.3,67.13 2 0
github.com/calypr/git-drs/cmd/addref/add-ref.go:71.64,73.22 2 3
github.com/calypr/git-drs/cmd/addref/add-ref.go:73.22,75.3 1 1
github.com/calypr/git-drs/cmd/addref/add-ref.go:78.2,79.33 2 2
github.com/calypr/git-drs/cmd/addref/add-ref.go:79.33,80.49 1 2
github.com/calypr/git-drs/cmd/addref/add-ref.go:80.49,82.9 2 1
github.com/calypr/git-drs/cmd/addref/add-ref.go:85.2,85.18 1 2
github.com/calypr/git-drs/cmd/addref/add-ref.go:85.18,87.3 1 1
github.com/calypr/git-drs/cmd/addref/add-ref.go:90.2,96.16 5 1
github.com/calypr/git-drs/cmd/addref/add-ref.go:96.16,98.3 1 0
github.com/calypr/git-drs/cmd/addref/add-ref.go:100.2,100.12 1 1
github.com/calypr/git-drs/cmd/addref/add-ref.go:103.13,105.2 1 47
github.com/calypr/git-drs/cmd/addurl/main.go:21.54,22.21 1 0
github.com/calypr/git-drs/cmd/addurl/main.go:22.21,25.4 2 0
github.com/calypr/git-drs/cmd/addurl/main.go:26.3,26.13 1 0
github.com/calypr/git-drs/cmd/addurl/main.go:28.54,33.107 2 0
github.com/calypr/git-drs/cmd/addurl/main.go:33.107,35.4 1 0
github.com/calypr/git-drs/cmd/addurl/main.go:38.3,47.95 8 0
github.com/calypr/git-drs/cmd/addurl/main.go:47.95,49.4 1 0
github.com/calypr/git-drs/cmd/addurl/main.go:52.3,52.47 1 0
github.com/calypr/git-drs/cmd/addurl/main.go:52.47,54.4 1 0
github.com/calypr/git-drs/cmd/addurl/main.go:56.3,57.17 2 0
github.com/calypr/git-drs/cmd/addurl/main.go:57.17,59.4 1 0
github.com/calypr/git-drs/cmd/addurl/main.go:61.3,62.17 2 0
github.com/calypr/git-drs/cmd/addurl/main.go:62.17,64.4 1 0
github.com/calypr/git-drs/cmd/addurl/main.go:66.3,67.17 2 0
github.com/calypr/git-drs/cmd/addurl/main.go:67.17,69.4 1 0
github.com/calypr/git-drs/cmd/addurl/main.go:72.3,73.17 2 0
github.com/calypr/git-drs/cmd/addurl/main.go:73.17,75.4 1 0
github.com/calypr/git-drs/cmd/addurl/main.go:78.3,79.17 2 0
github.com/calypr/git-drs/cmd/addurl/main.go:79.17,81.4 1 0
github.com/calypr/git-drs/cmd/addurl/main.go:82.3,82.77 1 0
github.com/calypr/git-drs/cmd/addurl/main.go:82.77,84.4 1 0
github.com/calypr/git-drs/cmd/addurl/main.go:85.3,86.13 2 0
github.com/calypr/git-drs/cmd/addurl/main.go:90.13,96.2 5 47
github.com/calypr/git-drs/cmd/addurl/main.go:98.80,103.66 2 1
github.com/calypr/git-drs/cmd/addurl/main.go:103.66,105.3 1 0
github.com/calypr/git-drs/cmd/addurl/main.go:108.2,108.77 1 1
github.com/calypr/git-drs/cmd/addurl/main.go:108.77,110.3 1 0
github.com/calypr/git-drs/cmd/addurl/main.go:113.2,113.50 1 1
github.com/calypr/git-drs/cmd/addurl/main.go:113.50,115.3 1 0
github.com/calypr/git-drs/cmd/addurl/main.go:117.2,117.12 1 1
github.com/calypr/git-drs/cmd/cache/create-cache.go:20.54,25.17 3 1
github.com/calypr/git-drs/cmd/cache/create-cache.go:25.17,27.4 1 0
github.com/calypr/git-drs/cmd/cache/create-cache.go:28.3,36.17 5 1
github.com/calypr/git-drs/cmd/cache/create-cache.go:36.17,38.4 1 0
github.com/calypr/git-drs/cmd/cache/create-cache.go:41.3,42.30 2 1
github.com/calypr/git-drs/cmd/cache/create-cache.go:42.30,44.4 1 2
github.com/calypr/git-drs/cmd/cache/create-cache.go:47.3,49.23 3 1
github.com/calypr/git-drs/cmd/cache/create-cache.go:49.23,51.4 1 0
github.com/calypr/git-drs/cmd/cache/create-cache.go:54.3,54.7 1 1
github.com/calypr/git-drs/cmd/cache/create-cache.go:54.7,56.18 2 2
github.com/calypr/git-drs/cmd/cache/create-cache.go:56.18,57.22 1 1
github.com/calypr/git-drs/cmd/cache/create-cache.go:57.22,58.11 1 1
github.com/calypr/git-drs/cmd/cache/create-cache.go:60.5,60.62 1 0
github.com/calypr/git-drs/cmd/cache/create-cache.go:62.4,68.18 5 1
github.com/calypr/git-drs/cmd/cache/create-cache.go:68.18,70.5 1 0
github.com/calypr/git-drs/cmd/cache/create-cache.go:72.4,72.67 1 1
github.com/calypr/git-drs/cmd/cache/create-cache.go:72.67,74.5 1 0
github.com/calypr/git-drs/cmd/cache/create-cache.go:76.4,77.72 2 1
github.com/calypr/git-drs/cmd/cache/create-cache.go:77.72,79.5 1 0
github.com/calypr/git-drs/cmd/cache/create-cache.go:82.4,83.18 2 1
github.com/calypr/git-drs/cmd/cache/create-cache.go:83.18,85.5 1 0
github.com/calypr/git-drs/cmd/cache/create-cache.go:86.4,86.70 1 1
github.com/calypr/git-drs/cmd/cache/create-cache.go:86.70,88.5 1 0
github.com/calypr/git-drs/cmd/cache/create-cache.go:89.4,89.70 1 1
github.com/calypr/git-drs/cmd/cache/create-cache.go:89.70,91.5 1 0
github.com/calypr/git-drs/cmd/cache/create-cache.go:94.3,95.13 2 1
github.com/calypr/git-drs/cmd/delete/main.go:29.54,33.51 2 2
github.com/calypr/git-drs/cmd/delete/main.go:33.51,35.4 1 1
github.com/calypr/git-drs/cmd/delete/main.go:37.3,40.17 3 1
github.com/calypr/git-drs/cmd/delete/main.go:40.17,42.4 1 0
github.com/calypr/git-drs/cmd/delete/main.go:44.3,45.17 2 1
github.com/calypr/git-drs/cmd/delete/main.go:45.17,47.4 1 1
github.com/calypr/git-drs/cmd/delete/main.go:49.3,50.17 2 0
github.com/calypr/git-drs/cmd/delete/main.go:50.17,53.4 2 0
github.com/calypr/git-drs/cmd/delete/main.go:56.3,57.17 2 0
github.com/calypr/git-drs/cmd/delete/main.go:57.17,59.4 1 0
github.com/calypr/git-drs/cmd/delete/main.go:60.3,60.24 1 0
github.com/calypr/git-drs/cmd/delete/main.go:60.24,62.4 1 0
github.com/calypr/git-drs/cmd/delete/main.go:65.3,67.17 3 0
github.com/calypr/git-drs/cmd/delete/main.go:67.17,69.4 1 0
github.com/calypr/git-drs/cmd/delete/main.go:70.3,70.28 1 0
github.com/calypr/git-drs/cmd/delete/main.go:70.28,72.4 1 0
github.com/calypr/git-drs/cmd/delete/main.go:75.3,75.19 1 0
github.com/calypr/git-drs/cmd/delete/main.go:75.19,82.33 7 0
github.com/calypr/git-drs/cmd/delete/main.go:82.33,84.5 1 0
github.com/calypr/git-drs/cmd/delete/main.go:85.4,93.18 3 0
github.com/calypr/git-drs/cmd/delete/main.go:93.18,95.5 1 0
github.com/calypr/git-drs/cmd/delete/main.go:99.3,100.17 2 0
github.com/calypr/git-drs/cmd/delete/main.go:100.17,102.4 1 0
github.com/calypr/git-drs/cmd/delete/main.go:104.3,105.13 2 0
github.com/calypr/git-drs/cmd/delete/main.go:109.13,112.2 2 47
github.com/calypr/git-drs/cmd/deleteproject/main.go:27.54,32.17 4 0
github.com/calypr/git-drs/cmd/deleteproject/main.go:32.17,34.4 1 0
github.com/calypr/git-drs/cmd/deleteproject/main.go:36.3,37.17 2 0
github.com/calypr/git-drs/cmd/deleteproject/main.go:37.17,39.4 1 0
github.com/calypr/git-drs/cmd/deleteproject/main.go:41.3,42.17 2 0
github.com/calypr/git-drs/cmd/deleteproject/main.go:42.17,45.4 2 0
github.com/calypr/git-drs/cmd/deleteproject/main.go:48.3,49.10 2 0
github.com/calypr/git-drs/cmd/deleteproject/main.go:49.10,51.4 1 0
github.com/calypr/git-drs/cmd/deleteproject/main.go:54.3,55.17 2 0
github.com/calypr/git-drs/cmd/deleteproject/main.go:55.17,57.4 1 0
github.com/calypr/git-drs/cmd/deleteproject/main.go:60.3,60.52 1 0
github.com/calypr/git-drs/cmd/deleteproject/main.go:60.52,62.4 1 0
github.com/calypr/git-drs/cmd/deleteproject/main.go:63.3,63.31 1 0
github.com/calypr/git-drs/cmd/deleteproject/main.go:63.31,68.30 4 0
github.com/calypr/git-drs/cmd/deleteproject/main.go:68.30,72.26 4 0
github.com/calypr/git-drs/cmd/deleteproject/main.go:72.26,74.6 1 0
github.com/calypr/git-drs/cmd/deleteproject/main.go:75.5,76.33 2 0
github.com/calypr/git-drs/cmd/deleteproject/main.go:76.33,78.6 1 0
github.com/calypr/git-drs/cmd/deleteproject/main.go:79.10,81.5 1 0
github.com/calypr/git-drs/cmd/deleteproject/main.go:83.4,86.155 3 0
github.com/calypr/git-drs/cmd/deleteproject/main.go:86.155,88.5 1 0
github.com/calypr/git-drs/cmd/deleteproject/main.go:92.3,94.17 3 0
github.com/calypr/git-drs/cmd/deleteproject/main.go:94.17,96.4 1 0
github.com/calypr/git-drs/cmd/deleteproject/main.go:98.3,99.13 2 0
github.com/calypr/git-drs/cmd/deleteproject/main.go:103.13,106.2 2 47
github.com/calypr/git-drs/cmd/download/main.go:28.54,29.21 1 0
github.com/calypr/git-drs/cmd/download/main.go:29.21,32.4 2 0
github.com/calypr/git-drs/cmd/download/main.go:33.3,33.13 1 0
github.com/calypr/git-drs/cmd/download/main.go:35.54,41.17 4 0
github.com/calypr/git-drs/cmd/download/main.go:41.17,43.4 1 0
github.com/calypr/git-drs/cmd/download/main.go:45.3,46.17 2 0
github.com/calypr/git-drs/cmd/download/main.go:46.17,48.4 1 0
github.com/calypr/git-drs/cmd/download/main.go:50.3,51.17 2 0
github.com/calypr/git-drs/cmd/download/main.go:51.17,54.4 2 0
github.com/calypr/git-drs/cmd/download/main.go:57.3,59.17 3 0
github.com/calypr/git-drs/cmd/download/main.go:59.17,61.4 1 0
github.com/calypr/git-drs/cmd/download/main.go:63.3,64.17 2 0
github.com/calypr/git-drs/cmd/download/main.go:64.17,66.4 1 0
github.com/calypr/git-drs/cmd/download/main.go:67.3,67.28 1 0
github.com/calypr/git-drs/cmd/download/main.go:67.28,69.4 1 0
github.com/calypr/git-drs/cmd/download/main.go:72.3,72.20 1 0
github.com/calypr/git-drs/cmd/download/main.go:72.20,74.4 1 0
github.com/calypr/git-drs/cmd/download/main.go:75.3,75.17 1 0
github.com/calypr/git-drs/cmd/download/main.go:75.17,77.4 1 0
github.com/calypr/git-drs/cmd/download/main.go:79.3,86.17 3 0
github.com/calypr/git-drs/cmd/download/main.go:86.17,88.4 1 0
github.com/calypr/git-drs/cmd/download/main.go:90.3,92.13 2 0
github.com/calypr/git-drs/cmd/download/main.go:96.13,99.2 2 47
github.com/calypr/git-drs/cmd/fetch/main.go:16.54,17.20 1 3
github.com/calypr/git-drs/cmd/fetch/main.go:17.20,20.4 2 1
github.com/calypr/git-drs/cmd/fetch/main.go:21.3,21.13 1 2
github.com/calypr/git-drs/cmd/fetch/main.go:23.54,27.17 3 2
github.com/calypr/git-drs/cmd/fetch/main.go:27.17,29.4 1 0
github.com/calypr/git-drs/cmd/fetch/main.go:31.3,32.20 2 2
github.com/calypr/git-drs/cmd/fetch/main.go:32.20,34.4 1 1
github.com/calypr/git-drs/cmd/fetch/main.go:34.9,36.18 2 1
github.com/calypr/git-drs/cmd/fetch/main.go:36.18,39.5 2 1
github.com/calypr/git-drs/cmd/fetch/main.go:42.3,43.17 2 1
github.com/calypr/git-drs/cmd/fetch/main.go:43.17,46.4 2 1
github.com/calypr/git-drs/cmd/fetch/main.go:48.3,49.17 2 0
github.com/calypr/git-drs/cmd/fetch/main.go:49.17,51.4 1 0
github.com/calypr/git-drs/cmd/fetch/main.go:53.3,53.13 1 0
github.com/calypr/git-drs/cmd/initialize/main.go:30.54,31.21 1 6
github.com/calypr/git-drs/cmd/initialize/main.go:31.21,34.4 2 1
github.com/calypr/git-drs/cmd/initialize/main.go:35.3,35.13 1 5
github.com/calypr/git-drs/cmd/initialize/main.go:37.54,42.17 3 5
github.com/calypr/git-drs/cmd/initialize/main.go:42.17,44.4 1 1
github.com/calypr/git-drs/cmd/initialize/main.go:47.3,48.17 2 4
github.com/calypr/git-drs/cmd/initialize/main.go:48.17,50.4 1 0
github.com/calypr/git-drs/cmd/initialize/main.go:53.3,54.17 2 4
github.com/calypr/git-drs/cmd/initialize/main.go:54.17,57.4 2 0
github.com/calypr/git-drs/cmd/initialize/main.go:59.3,60.17 2 4
github.com/calypr/git-drs/cmd/initialize/main.go:60.17,62.4 1 0
github.com/calypr/git-drs/cmd/initialize/main.go:65.3,66.17 2 4
github.com/calypr/git-drs/cmd/initialize/main.go:66.17,68.4 1 0
github.com/calypr/git-drs/cmd/initialize/main.go:71.3,73.13 3 4
github.com/calypr/git-drs/cmd/initialize/main.go:77.28,90.61 2 6
github.com/calypr/git-drs/cmd/initialize/main.go:90.61,92.3 1 0
github.com/calypr/git-drs/cmd/initialize/main.go:93.2,93.12 1 6
github.com/calypr/git-drs/cmd/initialize/main.go:96.13,101.2 4 47
github.com/calypr/git-drs/cmd/initialize/main.go:103.52,105.16 2 6
github.com/calypr/git-drs/cmd/initialize/main.go:105.16,107.3 1 0
github.com/calypr/git-drs/cmd/initialize/main.go:109.2,109.52 1 6
github.com/calypr/git-drs/cmd/initialize/main.go:109.52,111.3 1 0
github.com/calypr/git-drs/cmd/initialize/main.go:113.2,133.16 5 6
github.com/calypr/git-drs/cmd/initialize/main.go:133.16,138.73 3 3
github.com/calypr/git-drs/cmd/initialize/main.go:138.73,140.4 1 0
github.com/calypr/git-drs/cmd/initialize/main.go:141.3,141.45 1 3
github.com/calypr/git-drs/cmd/initialize/main.go:141.45,143.4 1 0
github.com/calypr/git-drs/cmd/initialize/main.go:144.3,144.87 1 3
github.com/calypr/git-drs/cmd/initialize/main.go:147.2,147.39 1 6
github.com/calypr/git-drs/cmd/initialize/main.go:147.39,149.3 1 0
github.com/calypr/git-drs/cmd/initialize/main.go:151.2,152.16 2 6
github.com/calypr/git-drs/cmd/initialize/main.go:152.16,154.3 1 0
github.com/calypr/git-drs/cmd/initialize/main.go:155.2,156.12 2 6
github.com/calypr/git-drs/cmd/list/main.go:26.69,27.22 1 4
github.com/calypr/git-drs/cmd/list/main.go:27.22,28.13 1 7
github.com/calypr/git-drs/cmd/list/main.go:28.13,30.4 1 3
github.com/calypr/git-drs/cmd/list/main.go:32.2,32.11 1 1
github.com/calypr/git-drs/cmd/list/main.go:36.47,39.79 3 1
github.com/calypr/git-drs/cmd/list/main.go:39.79,41.28 2 2
github.com/calypr/git-drs/cmd/list/main.go:41.28,44.4 2 2
github.com/calypr/git-drs/cmd/list/main.go:46.2,46.15 1 1
github.com/calypr/git-drs/cmd/list/main.go:53.54,54.21 1 2
github.com/calypr/git-drs/cmd/list/main.go:54.21,57.4 2 1
github.com/calypr/git-drs/cmd/list/main.go:58.3,58.13 1 1
github.com/calypr/git-drs/cmd/list/main.go:60.54,64.24 3 2
github.com/calypr/git-drs/cmd/list/main.go:64.24,66.18 2 0
github.com/calypr/git-drs/cmd/list/main.go:66.18,68.5 1 0
github.com/calypr/git-drs/cmd/list/main.go:69.4,70.17 2 0
github.com/calypr/git-drs/cmd/list/main.go:71.9,73.4 1 2
github.com/calypr/git-drs/cmd/list/main.go:75.3,76.17 2 2
github.com/calypr/git-drs/cmd/list/main.go:76.17,78.4 1 0
github.com/calypr/git-drs/cmd/list/main.go:80.3,81.17 2 2
github.com/calypr/git-drs/cmd/list/main.go:81.17,83.4 1 1
github.com/calypr/git-drs/cmd/list/main.go:85.3,86.17 2 1
github.com/calypr/git-drs/cmd/list/main.go:86.17,89.4 2 1
github.com/calypr/git-drs/cmd/list/main.go:90.3,91.17 2 0
github.com/calypr/git-drs/cmd/list/main.go:91.17,93.4 1 0
github.com/calypr/git-drs/cmd/list/main.go:94.3,94.15 1 0
github.com/calypr/git-drs/cmd/list/main.go:94.15,96.4 1 0
github.com/calypr/git-drs/cmd/list/main.go:99.3,99.34 1 0
github.com/calypr/git-drs/cmd/list/main.go:99.34,100.30 1 0
github.com/calypr/git-drs/cmd/list/main.go:100.30,102.5 1 0
github.com/calypr/git-drs/cmd/list/main.go:103.4,104.15 2 0
github.com/calypr/git-drs/cmd/list/main.go:104.15,106.19 2 0
github.com/calypr/git-drs/cmd/list/main.go:106.19,108.6 1 0
github.com/calypr/git-drs/cmd/list/main.go:109.5,109.48 1 0
github.com/calypr/git-drs/cmd/list/main.go:110.10,112.5 1 0
github.com/calypr/git-drs/cmd/list/main.go:114.3,114.13 1 0
github.com/calypr/git-drs/cmd/list/main.go:120.54,121.21 1 2
github.com/calypr/git-drs/cmd/list/main.go:121.21,124.4 2 1
github.com/calypr/git-drs/cmd/list/main.go:125.3,125.13 1 1
github.com/calypr/git-drs/cmd/list/main.go:127.54,131.17 3 0
github.com/calypr/git-drs/cmd/list/main.go:131.17,133.4 1 0
github.com/calypr/git-drs/cmd/list/main.go:135.3,136.17 2 0
github.com/calypr/git-drs/cmd/list/main.go:136.17,138.4 1 0
github.com/calypr/git-drs/cmd/list/main.go:140.3,141.17 2 0
github.com/calypr/git-drs/cmd/list/main.go:141.17,143.4 1 0
github.com/calypr/git-drs/cmd/list/main.go:144.3,145.17 2 0
github.com/calypr/git-drs/cmd/list/main.go:145.17,147.4 1 0
github.com/calypr/git-drs/cmd/list/main.go:149.3,151.20 3 0
github.com/calypr/git-drs/cmd/list/main.go:151.20,153.18 2 0
github.com/calypr/git-drs/cmd/list/main.go:153.18,155.5 1 0
github.com/calypr/git-drs/cmd/list/main.go:156.4,157.17 2 0
github.com/calypr/git-drs/cmd/list/main.go:158.9,160.4 1 0
github.com/calypr/git-drs/cmd/list/main.go:161.3,161.34 1 0
github.com/calypr/git-drs/cmd/list/main.go:161.34,162.30 1 0
github.com/calypr/git-drs/cmd/list/main.go:162.30,164.5 1 0
github.com/calypr/git-drs/cmd/list/main.go:165.4,167.18 3 0
github.com/calypr/git-drs/cmd/list/main.go:167.18,169.5 1 0
github.com/calypr/git-drs/cmd/list/main.go:170.4,171.18 2 0
github.com/calypr/git-drs/cmd/list/main.go:171.18,173.5 1 0
github.com/calypr/git-drs/cmd/list/main.go:174.4,175.18 2 0
github.com/calypr/git-drs/cmd/list/main.go:175.18,177.5 1 0
github.com/calypr/git-drs/cmd/list/main.go:179.3,179.13 1 0
github.com/calypr/git-drs/cmd/list/main.go:183.13,189.2 5 47
github.com/calypr/git-drs/cmd/listconfig/main.go:22.54,23.21 1 2
github.com/calypr/git-drs/cmd/listconfig/main.go:23.21,26.4 2 1
github.com/calypr/git-drs/cmd/listconfig/main.go:27.3,27.13 1 1
github.com/calypr/git-drs/cmd/listconfig/main.go:29.54,32.17 2 1
github.com/calypr/git-drs/cmd/listconfig/main.go:32.17,34.4 1 0
github.com/calypr/git-drs/cmd/listconfig/main.go:36.3,36.17 1 1
github.com/calypr/git-drs/cmd/listconfig/main.go:36.17,41.4 3 0
github.com/calypr/git-drs/cmd/listconfig/main.go:41.9,48.4 4 1
github.com/calypr/git-drs/cmd/listconfig/main.go:52.13,54.2 1 47
github.com/calypr/git-drs/cmd/prepush/main.go:24.54,27.17 2 4
github.com/calypr/git-drs/cmd/prepush/main.go:27.17,29.4 1 0
github.com/calypr/git-drs/cmd/prepush/main.go:31.3,34.17 3 4
github.com/calypr/git-drs/cmd/prepush/main.go:34.17,36.4 1 0
github.com/calypr/git-drs/cmd/prepush/main.go:42.3,44.21 3 4
github.com/calypr/git-drs/cmd/prepush/main.go:44.21,46.4 1 4
github.com/calypr/git-drs/cmd/prepush/main.go:47.3,47.21 1 4
github.com/calypr/git-drs/cmd/prepush/main.go:47.21,49.4 1 4
github.com/calypr/git-drs/cmd/prepush/main.go:50.3,50.26 1 4
github.com/calypr/git-drs/cmd/prepush/main.go:50.26,52.4 1 0
github.com/calypr/git-drs/cmd/prepush/main.go:53.3,58.17 4 4
github.com/calypr/git-drs/cmd/prepush/main.go:58.17,63.4 3 0
github.com/calypr/git-drs/cmd/prepush/main.go:66.3,67.17 2 4
github.com/calypr/git-drs/cmd/prepush/main.go:67.17,72.4 2 0
github.com/calypr/git-drs/cmd/prepush/main.go:73.3,74.10 2 4
github.com/calypr/git-drs/cmd/prepush/main.go:74.10,76.4 1 0
github.com/calypr/git-drs/cmd/prepush/main.go:77.3,81.17 3 4
github.com/calypr/git-drs/cmd/prepush/main.go:81.17,84.4 2 0
github.com/calypr/git-drs/cmd/prepush/main.go:85.3,85.16 1 4
github.com/calypr/git-drs/cmd/prepush/main.go:85.16,88.4 2 4
github.com/calypr/git-drs/cmd/prepush/main.go:91.3,91.51 1 4
github.com/calypr/git-drs/cmd/prepush/main.go:91.51,94.4 2 0
github.com/calypr/git-drs/cmd/prepush/main.go:97.3,97.43 1 4
github.com/calypr/git-drs/cmd/prepush/main.go:97.43,100.4 2 0
github.com/calypr/git-drs/cmd/prepush/main.go:103.3,104.17 2 4
github.com/calypr/git-drs/cmd/prepush/main.go:104.17,107.4 2 0
github.com/calypr/git-drs/cmd/prepush/main.go:109.3,111.17 3 4
github.com/calypr/git-drs/cmd/prepush/main.go:111.17,114.4 2 0
github.com/calypr/git-drs/cmd/prepush/main.go:115.3,118.13 3 4
github.com/calypr/git-drs/cmd/prepush/main.go:125.55,129.40 1 9
github.com/calypr/git-drs/cmd/prepush/main.go:129.40,131.3 1 0
github.com/calypr/git-drs/cmd/prepush/main.go:132.2,134.21 3 9
github.com/calypr/git-drs/cmd/prepush/main.go:134.21,137.22 3 10
github.com/calypr/git-drs/cmd/prepush/main.go:137.22,138.12 1 0
github.com/calypr/git-drs/cmd/prepush/main.go:140.3,142.42 3 10
github.com/calypr/git-drs/cmd/prepush/main.go:142.42,144.20 2 8
github.com/calypr/git-drs/cmd/prepush/main.go:144.20,146.5 1 8
github.com/calypr/git-drs/cmd/prepush/main.go:149.2,149.38 1 9
github.com/calypr/git-drs/cmd/prepush/main.go:149.38,151.3 1 0
github.com/calypr/git-drs/cmd/prepush/main.go:152.2,153.21 2 9
github.com/calypr/git-drs/cmd/prepush/main.go:153.21,155.3 1 8
github.com/calypr/git-drs/cmd/prepush/main.go:156.2,158.40 2 9
github.com/calypr/git-drs/cmd/prepush/main.go:158.40,160.3 1 0
github.com/calypr/git-drs/cmd/prepush/main.go:161.2,161.22 1 9
github.com/calypr/git-drs/cmd/push/main.go:18.54,19.20 1 3
github.com/calypr/git-drs/cmd/push/main.go:19.20,22.4 2 1
github.com/calypr/git-drs/cmd/push/main.go:23.3,23.13 1 2
github.com/calypr/git-drs/cmd/push/main.go:25.54,28.17 3 2
github.com/calypr/git-drs/cmd/push/main.go:28.17,31.4 2 0
github.com/calypr/git-drs/cmd/push/main.go:33.3,34.20 2 2
github.com/calypr/git-drs/cmd/push/main.go:34.20,36.4 1 0
github.com/calypr/git-drs/cmd/push/main.go:36.9,38.18 2 2
github.com/calypr/git-drs/cmd/push/main.go:38.18,41.5 2 2
github.com/calypr/git-drs/cmd/push/main.go:44.3,45.17 2 0
github.com/calypr/git-drs/cmd/push/main.go:45.17,48.4 2 0
github.com/calypr/git-drs/cmd/push/main.go:51.3,52.10 2 0
github.com/calypr/git-drs/cmd/push/main.go:52.10,54.4 1 0
github.com/calypr/git-drs/cmd/push/main.go:56.3,57.17 2 0
github.com/calypr/git-drs/cmd/push/main.go:57.17,59.4 1 0
github.com/calypr/git-drs/cmd/push/main.go:61.3,61.13 1 0
github.com/calypr/git-drs/cmd/query/main.go:16.59,20.12 3 2
github.com/calypr/git-drs/cmd/query/main.go:20.12,22.3 1 1
github.com/calypr/git-drs/cmd/query/main.go:22.8,24.3 1 1
github.com/calypr/git-drs/cmd/query/main.go:26.2,26.16 1 2
github.com/calypr/git-drs/cmd/query/main.go:26.16,28.3 1 0
github.com/calypr/git-drs/cmd/query/main.go:30.2,31.12 2 2
github.com/calypr/git-drs/cmd/query/main.go:42.87,45.23 2 4
github.com/calypr/git-drs/cmd/query/main.go:46.10,48.38 1 1
github.com/calypr/git-drs/cmd/query/main.go:49.10,51.39 1 1
github.com/calypr/git-drs/cmd/query/main.go:52.10,54.41 1 1
github.com/calypr/git-drs/cmd/query/main.go:55.11,57.41 1 1
github.com/calypr/git-drs/cmd/query/main.go:60.2,63.4 1 4
github.com/calypr/git-drs/cmd/query/main.go:71.54,72.21 1 0
github.com/calypr/git-drs/cmd/query/main.go:72.21,75.4 2 0
github.com/calypr/git-drs/cmd/query/main.go:76.3,76.13 1 0
github.com/calypr/git-drs/cmd/query/main.go:78.54,82.17 3 0
github.com/calypr/git-drs/cmd/query/main.go:82.17,84.4 1 0
github.com/calypr/git-drs/cmd/query/main.go:86.3,87.17 2 0
github.com/calypr/git-drs/cmd/query/main.go:87.17,90.4 2 0
github.com/calypr/git-drs/cmd/query/main.go:92.3,93.17 2 0
github.com/calypr/git-drs/cmd/query/main.go:93.17,95.4 1 0
github.com/calypr/git-drs/cmd/query/main.go:97.3,99.15 2 0
github.com/calypr/git-drs/cmd/query/main.go:99.15,101.18 2 0
github.com/calypr/git-drs/cmd/query/main.go:101.18,103.5 1 0
github.com/calypr/git-drs/cmd/query/main.go:104.4,104.32 1 0
github.com/calypr/git-drs/cmd/query/main.go:104.32,105.58 1 0
github.com/calypr/git-drs/cmd/query/main.go:105.58,107.6 1 0
github.com/calypr/git-drs/cmd/query/main.go:109.9,111.18 2 0
github.com/calypr/git-drs/cmd/query/main.go:111.18,113.5 1 0
github.com/calypr/git-drs/cmd/query/main.go:114.4,114.55 1 0
github.com/calypr/git-drs/cmd/query/main.go:114.55,116.5 1 0
github.com/calypr/git-drs/cmd/query/main.go:118.3,118.13 1 0
github.com/calypr/git-drs/cmd/query/main.go:122.13,126.2 3 47
github.com/calypr/git-drs/cmd/register/main.go:21.54,22.21 1 2
github.com/calypr/git-drs/cmd/register/main.go:22.21,25.4 2 1
github.com/calypr/git-drs/cmd/register/main.go:26.3,26.13 1 1
github.com/calypr/git-drs/cmd/register/main.go:28.54,30.17 2 1
github.com/calypr/git-drs/cmd/register/main.go:30.17,32.4 1 0
github.com/calypr/git-drs/cmd/register/main.go:34.3,35.17 2 1
github.com/calypr/git-drs/cmd/register/main.go:35.17,37.4 1 0
github.com/calypr/git-drs/cmd/register/main.go:39.3,40.17 2 1
github.com/calypr/git-drs/cmd/register/main.go:40.17,43.4 2 1
github.com/calypr/git-drs/cmd/register/main.go:45.3,46.17 2 0
github.com/calypr/git-drs/cmd/register/main.go:46.17,48.4 1 0
github.com/calypr/git-drs/cmd/register/main.go:50.3,51.10 2 0
github.com/calypr/git-drs/cmd/register/main.go:51.10,53.4 1 0
github.com/calypr/git-drs/cmd/register/main.go:56.3,57.17 2 0
github.com/calypr/git-drs/cmd/register/main.go:57.17,59.4 1 0
github.com/calypr/git-drs/cmd/register/main.go:61.3,61.31 1 0
github.com/calypr/git-drs/cmd/register/main.go:61.31,64.4 2 0
github.com/calypr/git-drs/cmd/register/main.go:66.3,73.38 5 0
github.com/calypr/git-drs/cmd/register/main.go:73.38,78.18 3 0
github.com/calypr/git-drs/cmd/register/main.go:78.18,81.13 3 0
github.com/calypr/git-drs/cmd/register/main.go:85.4,86.18 2 0
github.com/calypr/git-drs/cmd/register/main.go:86.18,89.13 3 0
github.com/calypr/git-drs/cmd/register/main.go:93.4,94.35 2 0
github.com/calypr/git-drs/cmd/register/main.go:94.35,95.34 1 0
github.com/calypr/git-drs/cmd/register/main.go:95.34,97.11 2 0
github.com/calypr/git-drs/cmd/register/main.go:101.4,101.21 1 0
github.com/calypr/git-drs/cmd/register/main.go:101.21,104.13 3 0
github.com/calypr/git-drs/cmd/register/main.go:108.4,109.18 2 0
github.com/calypr/git-drs/cmd/register/main.go:109.18,112.13 3 0
github.com/calypr/git-drs/cmd/register/main.go:115.4,116.21 2 0
github.com/calypr/git-drs/cmd/register/main.go:120.3,123.21 2 0
github.com/calypr/git-drs/cmd/register/main.go:123.21,125.4 1 0
github.com/calypr/git-drs/cmd/register/main.go:127.3,127.13 1 0
github.com/calypr/git-drs/cmd/register/main.go:131.13,133.2 1 47
github.com/calypr/git-drs/cmd/remote/add/anvil.go:14.54,15.20 1 0
github.com/calypr/git-drs/cmd/remote/add/anvil.go:15.20,18.4 2 0
github.com/calypr/git-drs/cmd/remote/add/anvil.go:19.3,19.13 1 0
github.com/calypr/git-drs/cmd/remote/add/anvil.go:21.54,23.3 1 0
github.com/calypr/git-drs/cmd/remote/add/anvil.go:26.64,28.24 1 0
github.com/calypr/git-drs/cmd/remote/add/anvil.go:28.24,41.17 4 0
github.com/calypr/git-drs/cmd/remote/add/anvil.go:41.17,43.4 1 0
github.com/calypr/git-drs/cmd/remote/add/anvil.go:47.2,47.12 1 0
github.com/calypr/git-drs/cmd/remote/add/gen3.go:20.54,21.20 1 4
github.com/calypr/git-drs/cmd/remote/add/gen3.go:21.20,24.4 2 0
github.com/calypr/git-drs/cmd/remote/add/gen3.go:25.3,25.13 1 4
github.com/calypr/git-drs/cmd/remote/add/gen3.go:27.54,31.59 2 4
github.com/calypr/git-drs/cmd/remote/add/gen3.go:31.59,33.4 1 0
github.com/calypr/git-drs/cmd/remote/add/gen3.go:36.3,36.19 1 4
github.com/calypr/git-drs/cmd/remote/add/gen3.go:36.19,38.4 1 0
github.com/calypr/git-drs/cmd/remote/add/gen3.go:40.3,41.20 2 4
github.com/calypr/git-drs/cmd/remote/add/gen3.go:41.20,43.4 1 4
github.com/calypr/git-drs/cmd/remote/add/gen3.go:45.3,46.17 2 4
github.com/calypr/git-drs/cmd/remote/add/gen3.go:46.17,48.4 1 0
github.com/calypr/git-drs/cmd/remote/add/gen3.go:49.3,49.13 1 4
github.com/calypr/git-drs/cmd/remote/add/gen3.go:53.98,54.22 1 4
github.com/calypr/git-drs/cmd/remote/add/gen3.go:54.22,56.3 1 0
github.com/calypr/git-drs/cmd/remote/add/gen3.go:57.2,57.35 1 4
github.com/calypr/git-drs/cmd/remote/add/gen3.go:57.35,59.3 1 0
github.com/calypr/git-drs/cmd/remote/add/gen3.go:61.2,63.9 3 4
github.com/calypr/git-drs/cmd/remote/add/gen3.go:64.24,68.17 4 0
github.com/calypr/git-drs/cmd/remote/add/gen3.go:68.17,70.4 1 0
github.com/calypr/git-drs/cmd/remote/add/gen3.go:72.22,74.17 2 4
github.com/calypr/git-drs/cmd/remote/add/gen3.go:74.17,76.4 1 0
github.com/calypr/git-drs/cmd/remote/add/gen3.go:77.3,82.17 5 4
github.com/calypr/git-drs/cmd/remote/add/gen3.go:82.17,84.4 1 0
github.com/calypr/git-drs/cmd/remote/add/gen3.go:86.10,88.17 2 0
github.com/calypr/git-drs/cmd/remote/add/gen3.go:88.17,93.4 4 0
github.com/calypr/git-drs/cmd/remote/add/gen3.go:93.9,95.4 1 0
github.com/calypr/git-drs/cmd/remote/add/gen3.go:98.2,98.23 1 4
github.com/calypr/git-drs/cmd/remote/add/gen3.go:98.23,100.3 1 0
github.com/calypr/git-drs/cmd/remote/add/gen3.go:102.2,111.67 3 4
github.com/calypr/git-drs/cmd/remote/add/gen3.go:111.67,113.3 1 0
github.com/calypr/git-drs/cmd/remote/add/gen3.go:114.2,128.111 4 4
github.com/calypr/git-drs/cmd/remote/add/gen3.go:128.111,130.3 1 0
github.com/calypr/git-drs/cmd/remote/add/gen3.go:132.2,132.45 1 4
github.com/calypr/git-drs/cmd/remote/add/gen3.go:132.45,134.3 1 0
github.com/calypr/git-drs/cmd/remote/add/gen3.go:136.2,137.12 2 4
github.com/calypr/git-drs/cmd/remote/add/init.go:21.13,32.2 9 48
github.com/calypr/git-drs/cmd/remote/list.go:14.54,15.21 1 2
github.com/calypr/git-drs/cmd/remote/list.go:15.21,18.4 2 1
github.com/calypr/git-drs/cmd/remote/list.go:19.3,19.13 1 1
github.com/calypr/git-drs/cmd/remote/list.go:21.54,24.17 3 1
github.com/calypr/git-drs/cmd/remote/list.go:24.17,27.4 2 0
github.com/calypr/git-drs/cmd/remote/list.go:29.3,29.47 1 1
github.com/calypr/git-drs/cmd/remote/list.go:29.47,33.17 3 1
github.com/calypr/git-drs/cmd/remote/list.go:33.17,35.5 1 1
github.com/calypr/git-drs/cmd/remote/list.go:38.4,40.32 3 1
github.com/calypr/git-drs/cmd/remote/list.go:40.32,43.5 2 1
github.com/calypr/git-drs/cmd/remote/list.go:43.10,43.40 1 0
github.com/calypr/git-drs/cmd/remote/list.go:43.40,46.5 2 0
github.com/calypr/git-drs/cmd/remote/list.go:46.10,48.5 1 0
github.com/calypr/git-drs/cmd/remote/list.go:50.4,51.21 2 1
github.com/calypr/git-drs/cmd/remote/list.go:51.21,53.5 1 1
github.com/calypr/git-drs/cmd/remote/list.go:55.4,55.72 1 1
github.com/calypr/git-drs/cmd/remote/list.go:57.3,57.13 1 1
github.com/calypr/git-drs/cmd/remote/root.go:14.13,18.2 3 47
github.com/calypr/git-drs/cmd/remote/set.go:15.54,16.21 1 3
github.com/calypr/git-drs/cmd/remote/set.go:16.21,19.4 2 2
github.com/calypr/git-drs/cmd/remote/set.go:20.3,20.13 1 1
github.com/calypr/git-drs/cmd/remote/set.go:22.54,27.17 4 0
github.com/calypr/git-drs/cmd/remote/set.go:27.17,29.4 1 0
github.com/calypr/git-drs/cmd/remote/set.go:32.3,33.40 2 0
github.com/calypr/git-drs/cmd/remote/set.go:33.40,35.34 2 0
github.com/calypr/git-drs/cmd/remote/set.go:35.34,37.5 1 0
github.com/calypr/git-drs/cmd/remote/set.go:38.4,42.5 1 0
github.com/calypr/git-drs/cmd/remote/set.go:46.3,48.48 2 0
github.com/calypr/git-drs/cmd/remote/set.go:48.48,50.4 1 0
github.com/calypr/git-drs/cmd/remote/set.go:52.3,53.13 2 0
github.com/calypr/git-drs/cmd/root.go:30.61,32.3 0 46
github.com/calypr/git-drs/cmd/root.go:35.13,58.2 21 46
github.com/calypr/git-drs/cmd/transfer/main.go:51.54,63.22 8 35
github.com/calypr/git-drs/cmd/transfer/main.go:63.22,68.4 4 1
github.com/calypr/git-drs/cmd/transfer/main.go:70.3,73.64 4 34
github.com/calypr/git-drs/cmd/transfer/main.go:73.64,77.4 3 0
github.com/calypr/git-drs/cmd/transfer/main.go:79.3,79.30 1 34
github.com/calypr/git-drs/cmd/transfer/main.go:79.30,84.4 4 0
github.com/calypr/git-drs/cmd/transfer/main.go:86.3,90.17 3 34
github.com/calypr/git-drs/cmd/transfer/main.go:90.17,94.4 3 0
github.com/calypr/git-drs/cmd/transfer/main.go:97.3,98.17 2 34
github.com/calypr/git-drs/cmd/transfer/main.go:98.17,102.4 3 0
github.com/calypr/git-drs/cmd/transfer/main.go:104.3,105.17 2 34
github.com/calypr/git-drs/cmd/transfer/main.go:105.17,109.4 3 0
github.com/calypr/git-drs/cmd/transfer/main.go:112.3,112.87 1 34
github.com/calypr/git-drs/cmd/transfer/main.go:112.87,115.4 2 34
github.com/calypr/git-drs/cmd/transfer/main.go:115.9,120.4 4 0
github.com/calypr/git-drs/cmd/transfer/main.go:121.3,121.64 1 34
github.com/calypr/git-drs/cmd/transfer/main.go:121.64,124.4 2 0
github.com/calypr/git-drs/cmd/transfer/main.go:126.3,126.22 1 34
github.com/calypr/git-drs/cmd/transfer/main.go:126.22,129.18 3 42
github.com/calypr/git-drs/cmd/transfer/main.go:129.18,131.13 2 0
github.com/calypr/git-drs/cmd/transfer/main.go:134.4,134.56 1 42
github.com/calypr/git-drs/cmd/transfer/main.go:134.56,140.76 3 4
github.com/calypr/git-drs/cmd/transfer/main.go:140.76,144.14 4 0
github.com/calypr/git-drs/cmd/transfer/main.go:146.5,153.19 6 4
github.com/calypr/git-drs/cmd/transfer/main.go:153.19,157.14 4 0
github.com/calypr/git-drs/cmd/transfer/main.go:160.5,161.19 2 4
github.com/calypr/git-drs/cmd/transfer/main.go:161.19,165.14 4 0
github.com/calypr/git-drs/cmd/transfer/main.go:167.5,167.30 1 4
github.com/calypr/git-drs/cmd/transfer/main.go:167.30,171.14 4 0
github.com/calypr/git-drs/cmd/transfer/main.go:175.5,176.19 2 4
github.com/calypr/git-drs/cmd/transfer/main.go:176.19,180.14 4 0
github.com/calypr/git-drs/cmd/transfer/main.go:183.5,189.19 2 4
github.com/calypr/git-drs/cmd/transfer/main.go:189.19,193.14 4 0
github.com/calypr/git-drs/cmd/transfer/main.go:196.5,201.70 3 4
github.com/calypr/git-drs/cmd/transfer/main.go:203.10,203.61 1 38
github.com/calypr/git-drs/cmd/transfer/main.go:203.61,209.74 3 4
github.com/calypr/git-drs/cmd/transfer/main.go:209.74,213.14 4 0
github.com/calypr/git-drs/cmd/transfer/main.go:216.5,221.19 5 4
github.com/calypr/git-drs/cmd/transfer/main.go:221.19,225.14 4 0
github.com/calypr/git-drs/cmd/transfer/main.go:228.5,229.86 2 4
github.com/calypr/git-drs/cmd/transfer/main.go:231.10,231.64 1 34
github.com/calypr/git-drs/cmd/transfer/main.go:231.64,233.5 1 34
github.com/calypr/git-drs/cmd/transfer/main.go:236.3,236.39 1 34
github.com/calypr/git-drs/cmd/transfer/main.go:236.39,238.4 1 0
github.com/calypr/git-drs/cmd/transfer/main.go:240.3,241.13 2 34
github.com/calypr/git-drs/cmd/transferref/main.go:33.54,43.17 6 2
github.com/calypr/git-drs/cmd/transferref/main.go:43.17,46.4 2 0
github.com/calypr/git-drs/cmd/transferref/main.go:48.3,51.22 2 2
github.com/calypr/git-drs/cmd/transferref/main.go:51.22,57.4 4 0
github.com/calypr/git-drs/cmd/transferref/main.go:59.3,60.70 2 2
github.com/calypr/git-drs/cmd/transferref/main.go:60.70,63.4 2 0
github.com/calypr/git-drs/cmd/transferref/main.go:66.3,66.55 1 2
github.com/calypr/git-drs/cmd/transferref/main.go:66.55,69.18 2 2
github.com/calypr/git-drs/cmd/transferref/main.go:69.18,73.5 3 0
github.com/calypr/git-drs/cmd/transferref/main.go:74.4,78.30 3 2
github.com/calypr/git-drs/cmd/transferref/main.go:79.9,84.4 4 0
github.com/calypr/git-drs/cmd/transferref/main.go:86.3,87.17 2 2
github.com/calypr/git-drs/cmd/transferref/main.go:87.17,91.4 3 0
github.com/calypr/git-drs/cmd/transferref/main.go:93.3,93.22 1 2
github.com/calypr/git-drs/cmd/transferref/main.go:93.22,96.18 3 1
github.com/calypr/git-drs/cmd/transferref/main.go:96.18,98.13 2 0
github.com/calypr/git-drs/cmd/transferref/main.go:100.4,103.52 2 1
github.com/calypr/git-drs/cmd/transferref/main.go:103.52,110.5 3 0
github.com/calypr/git-drs/cmd/transferref/main.go:110.10,110.63 1 1
github.com/calypr/git-drs/cmd/transferref/main.go:110.63,116.76 3 0
github.com/calypr/git-drs/cmd/transferref/main.go:116.76,120.14 4 0
github.com/calypr/git-drs/cmd/transferref/main.go:124.5,125.19 2 0
github.com/calypr/git-drs/cmd/transferref/main.go:125.19,129.14 4 0
github.com/calypr/git-drs/cmd/transferref/main.go:132.5,141.32 4 0
github.com/calypr/git-drs/cmd/transferref/main.go:142.10,142.61 1 1
github.com/calypr/git-drs/cmd/transferref/main.go:142.61,149.74 4 0
github.com/calypr/git-drs/cmd/transferref/main.go:149.74,153.6 3 0
github.com/calypr/git-drs/cmd/transferref/main.go:154.5,162.32 4 0
github.com/calypr/git-drs/cmd/transferref/main.go:163.10,163.64 1 1
github.com/calypr/git-drs/cmd/transferref/main.go:163.64,166.5 1 1
github.com/calypr/git-drs/cmd/transferref/main.go:169.3,169.39 1 2
github.com/calypr/git-drs/cmd/transferref/main.go:169.39,171.4 1 0
github.com/calypr/git-drs/cmd/transferref/main.go:173.3,175.13 2 2
github.com/calypr/git-drs/cmd/transferref/main.go:179.69,186.16 4 0
github.com/calypr/git-drs/cmd/transferref/main.go:186.16,188.3 1 0
github.com/calypr/git-drs/cmd/transferref/main.go:190.2,191.16 2 0
github.com/calypr/git-drs/cmd/transferref/main.go:191.16,193.3 1 0
github.com/calypr/git-drs/cmd/transferref/main.go:195.2,198.16 3 0
github.com/calypr/git-drs/cmd/transferref/main.go:198.16,200.3 1 0
github.com/calypr/git-drs/cmd/transferref/main.go:201.2,205.16 3 0
github.com/calypr/git-drs/cmd/transferref/main.go:205.16,207.3 1 0
github.com/calypr/git-drs/cmd/transferref/main.go:208.2,214.21 6 0
github.com/calypr/git-drs/cmd/transferref/main.go:214.21,218.19 4 0
github.com/calypr/git-drs/cmd/transferref/main.go:218.19,222.9 3 0
github.com/calypr/git-drs/cmd/transferref/main.go:226.2,227.18 2 0
github.com/calypr/git-drs/cmd/transferref/main.go:227.18,229.3 1 0
github.com/calypr/git-drs/cmd/transferref/main.go:230.2,231.16 2 0
github.com/calypr/git-drs/cmd/transferref/main.go:231.16,233.3 1 0
github.com/calypr/git-drs/cmd/transferref/main.go:234.2,234.19 1 0
github.com/calypr/git-drs/cmd/transferref/main.go:234.19,236.3 1 0
github.com/calypr/git-drs/cmd/transferref/main.go:238.2,242.16 3 0
github.com/calypr/git-drs/cmd/transferref/main.go:242.16,244.3 1 0
github.com/calypr/git-drs/cmd/transferref/main.go:245.2,259.16 9 0
github.com/calypr/git-drs/cmd/transferref/main.go:259.16,261.3 1 0
github.com/calypr/git-drs/cmd/transferref/main.go:264.2,266.16 3 0
github.com/calypr/git-drs/cmd/transferref/main.go:266.16,268.3 1 0
github.com/calypr/git-drs/cmd/transferref/main.go:270.2,270.21 1 0
github.com/calypr/git-drs/cmd/version/main.go:15.47,17.3 1 5
github.com/calypr/git-drs/cmd/version/main.go:20.28,23.43 3 6
github.com/calypr/git-drs/cmd/version/main.go:23.43,24.64 1 6
github.com/calypr/git-drs/cmd/version/main.go:24.64,26.4 1 0
github.com/calypr/git-drs/cmd/version/main.go:27.3,27.41 1 6
github.com/calypr/git-drs/cmd/version/main.go:27.41,28.23 1 72
github.com/calypr/git-drs/cmd/version/main.go:29.24,30.27 1 0
github.com/calypr/git-drs/cmd/version/main.go:31.19,32.18 1 0
github.com/calypr/git-drs/cmd/version/main.go:32.18,34.6 1 0
github.com/calypr/git-drs/cmd/version/main.go:39.2,40.26 2 6
github.com/calypr/git-drs/cmd/version/main.go:40.26,42.3 1 0
github.com/calypr/git-drs/cmd/version/main.go:44.2,44.9 1 6
github.com/calypr/git-drs/cmd/version/main.go:45.38,46.48 1 0
github.com/calypr/git-drs/cmd/version/main.go:47.17,48.13 1 0
github.com/calypr/git-drs/cmd/version/main.go:49.25,50.44 1 0
github.com/calypr/git-drs/cmd/version/main.go:51.10,52.23 1 6
github.com/calypr/git-drs/common/common.go:5.59,10.32 2 1
github.com/calypr/git-drs/common/common.go:10.32,12.3 1 2
github.com/calypr/git-drs/common/common.go:14.2,14.29 1 1
github.com/calypr/git-drs/common/common.go:14.29,16.37 1 2
github.com/calypr/git-drs/common/common.go:16.37,20.4 2 1
github.com/calypr/git-drs/common/common.go:22.2,22.17 1 1
github.com/calypr/git-drs/common/confirmation.go:14.107,19.16 4 2
github.com/calypr/git-drs/common/confirmation.go:19.16,21.3 1 0
github.com/calypr/git-drs/common/confirmation.go:23.2,24.20 2 2
github.com/calypr/git-drs/common/confirmation.go:24.20,27.3 2 1
github.com/calypr/git-drs/common/confirmation.go:29.2,29.34 1 2
github.com/calypr/git-drs/common/confirmation.go:29.34,31.3 1 1
github.com/calypr/git-drs/common/confirmation.go:33.2,33.12 1 1
github.com/calypr/git-drs/common/confirmation.go:37.58,39.2 1 1
github.com/calypr/git-drs/common/confirmation.go:42.51,44.2 1 1
github.com/calypr/git-drs/common/confirmation.go:47.33,49.2 1 1
github.com/calypr/git-drs/config/config.go:27.36,29.2 1 8
github.com/calypr/git-drs/config/config.go:31.43,33.37 2 4
github.com/calypr/git-drs/config/config.go:33.37,35.3 1 8
github.com/calypr/git-drs/config/config.go:37.2,37.40 1 4
github.com/calypr/git-drs/config/config.go:37.40,38.32 1 7
github.com/calypr/git-drs/config/config.go:38.32,40.4 1 2
github.com/calypr/git-drs/config/config.go:43.2,43.102 1 2
github.com/calypr/git-drs/config/config.go:65.120,67.9 2 42
github.com/calypr/git-drs/config/config.go:67.9,69.3 1 2
github.com/calypr/git-drs/config/config.go:70.2,70.19 1 40
github.com/calypr/git-drs/config/config.go:70.19,72.3 1 40
github.com/calypr/git-drs/config/config.go:72.8,72.27 1 0
github.com/calypr/git-drs/config/config.go:72.27,74.3 1 0
github.com/calypr/git-drs/config/config.go:75.2,75.94 1 0
github.com/calypr/git-drs/config/config.go:78.52,80.9 2 0
github.com/calypr/git-drs/config/config.go:80.9,82.3 1 0
github.com/calypr/git-drs/config/config.go:83.2,83.19 1 0
github.com/calypr/git-drs/config/config.go:83.19,85.3 1 0
github.com/calypr/git-drs/config/config.go:85.8,85.27 1 0
github.com/calypr/git-drs/config/config.go:85.27,87.3 1 0
github.com/calypr/git-drs/config/config.go:88.2,88.12 1 0
github.com/calypr/git-drs/config/config.go:92.52,93.27 1 47
github.com/calypr/git-drs/config/config.go:93.27,100.3 1 6
github.com/calypr/git-drs/config/config.go:102.2,102.46 1 41
github.com/calypr/git-drs/config/config.go:102.46,109.3 1 0
github.com/calypr/git-drs/config/config.go:111.2,111.29 1 41
github.com/calypr/git-drs/config/config.go:115.67,116.18 1 6
github.com/calypr/git-drs/config/config.go:116.18,118.3 1 2
github.com/calypr/git-drs/config/config.go:119.2,119.29 1 4
github.com/calypr/git-drs/config/config.go:123.44,125.30 2 6
github.com/calypr/git-drs/config/config.go:125.30,127.3 1 0
github.com/calypr/git-drs/config/config.go:128.2,128.14 1 6
github.com/calypr/git-drs/config/config.go:132.41,134.2 1 74
github.com/calypr/git-drs/config/config.go:137.70,139.16 2 5
github.com/calypr/git-drs/config/config.go:139.16,141.3 1 0
github.com/calypr/git-drs/config/config.go:143.2,144.16 2 5
github.com/calypr/git-drs/config/config.go:144.16,146.3 1 0
github.com/calypr/git-drs/config/config.go:149.2,151.24 2 5
github.com/calypr/git-drs/config/config.go:151.24,156.3 4 5
github.com/calypr/git-drs/config/config.go:156.8,156.32 1 0
github.com/calypr/git-drs/config/config.go:156.32,158.3 1 0
github.com/calypr/git-drs/config/config.go:161.2,162.25 2 5
github.com/calypr/git-drs/config/config.go:162.25,164.3 1 5
github.com/calypr/git-drs/config/config.go:167.2,167.52 1 5
github.com/calypr/git-drs/config/config.go:167.52,169.3 1 0
github.com/calypr/git-drs/config/config.go:171.2,171.21 1 5
github.com/calypr/git-drs/config/config.go:175.36,177.16 2 63
github.com/calypr/git-drs/config/config.go:177.16,179.3 1 0
github.com/calypr/git-drs/config/config.go:181.2,182.16 2 63
github.com/calypr/git-drs/config/config.go:182.16,184.3 1 0
github.com/calypr/git-drs/config/config.go:186.2,193.52 4 63
github.com/calypr/git-drs/config/config.go:193.52,196.46 2 50
github.com/calypr/git-drs/config/config.go:196.46,197.12 1 0
github.com/calypr/git-drs/config/config.go:199.3,203.47 4 50
github.com/calypr/git-drs/config/config.go:203.47,209.4 1 50
github.com/calypr/git-drs/config/config.go:209.9,209.35 1 0
github.com/calypr/git-drs/config/config.go:209.35,211.4 1 0
github.com/calypr/git-drs/config/config.go:213.3,213.31 1 50
github.com/calypr/git-drs/config/config.go:216.2,216.17 1 63
github.com/calypr/git-drs/config/config.go:219.32,225.2 2 5
github.com/calypr/git-drs/config/config.go:227.50,229.16 2 0
github.com/calypr/git-drs/config/config.go:229.16,231.3 1 0
github.com/calypr/git-drs/config/config.go:232.2,233.16 2 0
github.com/calypr/git-drs/config/config.go:233.16,235.3 1 0
github.com/calypr/git-drs/config/config.go:236.2,236.32 1 0
github.com/calypr/git-drs/config/config.go:240.36,242.16 2 1
github.com/calypr/git-drs/config/config.go:242.16,244.3 1 0
github.com/calypr/git-drs/config/config.go:246.2,247.16 2 1
github.com/calypr/git-drs/config/config.go:247.16,249.3 1 0
github.com/calypr/git-drs/config/config.go:251.2,251.29 1 1
github.com/calypr/git-drs/config/config.go:251.29,253.3 1 1
github.com/calypr/git-drs/config/config.go:255.2,255.36 1 1
github.com/calypr/git-drs/drslog/logger.go:50.13,52.65 2 69
github.com/calypr/git-drs/drslog/logger.go:52.65,53.56 1 0
github.com/calypr/git-drs/drslog/logger.go:53.56,55.4 1 0
github.com/calypr/git-drs/drslog/logger.go:65.26,67.2 1 53
github.com/calypr/git-drs/drslog/logger.go:95.73,98.20 2 53
github.com/calypr/git-drs/drslog/logger.go:98.20,100.59 1 52
github.com/calypr/git-drs/drslog/logger.go:100.59,102.4 1 0
github.com/calypr/git-drs/drslog/logger.go:104.3,104.58 1 52
github.com/calypr/git-drs/drslog/logger.go:107.2,108.16 2 53
github.com/calypr/git-drs/drslog/logger.go:108.16,110.3 1 0
github.com/calypr/git-drs/drslog/logger.go:111.2,113.17 2 53
github.com/calypr/git-drs/drslog/logger.go:113.17,115.3 1 47
github.com/calypr/git-drs/drslog/logger.go:117.2,131.26 8 53
github.com/calypr/git-drs/drslog/logger.go:144.31,145.29 1 55
github.com/calypr/git-drs/drslog/logger.go:145.29,146.26 1 51
github.com/calypr/git-drs/drslog/logger.go:146.26,148.4 1 8
github.com/calypr/git-drs/drslog/logger.go:150.2,150.21 1 55
github.com/calypr/git-drs/drslog/logger.go:165.20,168.26 3 2
github.com/calypr/git-drs/drslog/logger.go:168.26,173.3 3 2
github.com/calypr/git-drs/drslog/logger.go:174.2,174.12 1 0
github.com/calypr/git-drs/drslog/logger.go:188.35,193.2 2 13
github.com/calypr/git-drs/drslog/logger.go:206.35,207.20 1 53
github.com/calypr/git-drs/drslog/logger.go:207.20,209.3 1 0
github.com/calypr/git-drs/drslog/logger.go:211.2,212.8 2 53
github.com/calypr/git-drs/drslog/logger.go:212.8,214.3 1 0
github.com/calypr/git-drs/drslog/logger.go:216.2,216.23 1 53
github.com/calypr/git-drs/drslog/logger.go:235.53,237.29 2 53
github.com/calypr/git-drs/drslog/logger.go:237.29,239.3 1 53
github.com/calypr/git-drs/drslog/logger.go:241.2,242.9 2 0
github.com/calypr/git-drs/drslog/logger.go:242.9,244.3 1 0
github.com/calypr/git-drs/drslog/logger.go:245.2,245.21 1 0
github.com/calypr/git-drs/drslog/logger.go:259.53,260.51 1 0
github.com/calypr/git-drs/drslog/logger.go:261.21,262.31 1 0
github.com/calypr/git-drs/drslog/logger.go:263.20,264.30 1 0
github.com/calypr/git-drs/drslog/logger.go:265.37,266.30 1 0
github.com/calypr/git-drs/drslog/logger.go:267.21,268.31 1 0
github.com/calypr/git-drs/drslog/logger.go:269.10,270.32 1 0
github.com/calypr/git-drs/drslog/logger.go:288.62,289.32 1 808
github.com/calypr/git-drs/drslog/logger.go:289.32,291.3 1 621
github.com/calypr/git-drs/drslog/logger.go:292.2,293.26 2 187
github.com/calypr/git-drs/drslog/logger.go:293.26,295.3 1 0
github.com/calypr/git-drs/drslog/logger.go:296.2,298.13 3 187
github.com/calypr/git-drs/drslog/logger.go:323.43,326.24 3 187
github.com/calypr/git-drs/drslog/logger.go:326.24,328.75 2 187
github.com/calypr/git-drs/drslog/logger.go:328.75,330.4 1 134
github.com/calypr/git-drs/drslog/logger.go:331.3,331.58 1 53
github.com/calypr/git-drs/drslog/logger.go:331.58,333.4 1 0
github.com/calypr/git-drs/drslog/logger.go:335.2,336.20 2 53
github.com/calypr/git-drs/drslog/logger.go:336.20,338.54 2 53
github.com/calypr/git-drs/drslog/logger.go:338.54,340.26 2 0
github.com/calypr/git-drs/drslog/logger.go:340.26,342.5 1 0
github.com/calypr/git-drs/drslog/logger.go:343.4,343.14 1 0
github.com/calypr/git-drs/drslog/logger.go:346.2,346.18 1 53
github.com/calypr/git-drs/drslog/logger.go:361.32,362.33 1 187
github.com/calypr/git-drs/drslog/logger.go:362.33,363.68 1 44
github.com/calypr/git-drs/drslog/logger.go:363.68,365.22 2 44
github.com/calypr/git-drs/drslog/logger.go:365.22,367.5 1 44
github.com/calypr/git-drs/drslog/logger.go:370.2,370.30 1 187
github.com/calypr/git-drs/drslog/logger.go:387.28,388.25 1 53
github.com/calypr/git-drs/drslog/logger.go:388.25,390.17 2 42
github.com/calypr/git-drs/drslog/logger.go:390.17,392.4 1 0
github.com/calypr/git-drs/drslog/logger.go:393.3,394.7 2 42
github.com/calypr/git-drs/drslog/logger.go:394.7,395.67 1 168
github.com/calypr/git-drs/drslog/logger.go:395.67,398.5 2 42
github.com/calypr/git-drs/drslog/logger.go:399.4,400.21 2 126
github.com/calypr/git-drs/drslog/logger.go:400.21,402.5 1 0
github.com/calypr/git-drs/drslog/logger.go:403.4,403.16 1 126
github.com/calypr/git-drs/drslog/logger.go:406.2,406.22 1 53
github.com/calypr/git-drs/drsmap/drs_map.go:39.117,40.41 1 5
github.com/calypr/git-drs/drsmap/drs_map.go:40.41,42.3 1 0
github.com/calypr/git-drs/drsmap/drs_map.go:45.2,57.16 10 5
github.com/calypr/git-drs/drsmap/drs_map.go:57.16,59.16 2 0
github.com/calypr/git-drs/drsmap/drs_map.go:59.16,61.4 1 0
github.com/calypr/git-drs/drsmap/drs_map.go:62.3,62.67 1 0
github.com/calypr/git-drs/drsmap/drs_map.go:64.2,64.17 1 5
github.com/calypr/git-drs/drsmap/drs_map.go:83.150,86.16 2 0
github.com/calypr/git-drs/drsmap/drs_map.go:86.16,88.3 1 0
github.com/calypr/git-drs/drsmap/drs_map.go:91.2,92.33 2 0
github.com/calypr/git-drs/drsmap/drs_map.go:92.33,93.70 1 0
github.com/calypr/git-drs/drsmap/drs_map.go:93.70,94.51 1 0
github.com/calypr/git-drs/drsmap/drs_map.go:94.51,99.5 1 0
github.com/calypr/git-drs/drsmap/drs_map.go:103.2,104.27 2 0
github.com/calypr/git-drs/drsmap/drs_map.go:104.27,106.17 2 0
github.com/calypr/git-drs/drsmap/drs_map.go:106.17,108.4 1 0
github.com/calypr/git-drs/drsmap/drs_map.go:110.3,110.24 1 0
github.com/calypr/git-drs/drsmap/drs_map.go:110.24,112.12 2 0
github.com/calypr/git-drs/drsmap/drs_map.go:114.3,117.31 2 0
github.com/calypr/git-drs/drsmap/drs_map.go:117.31,118.34 1 0
github.com/calypr/git-drs/drsmap/drs_map.go:118.34,121.5 2 0
github.com/calypr/git-drs/drsmap/drs_map.go:123.3,123.13 1 0
github.com/calypr/git-drs/drsmap/drs_map.go:123.13,125.4 1 0
github.com/calypr/git-drs/drsmap/drs_map.go:128.2,128.33 1 0
github.com/calypr/git-drs/drsmap/drs_map.go:128.33,130.10 2 0
github.com/calypr/git-drs/drsmap/drs_map.go:130.10,132.4 1 0
github.com/calypr/git-drs/drsmap/drs_map.go:133.3,133.62 1 0
github.com/calypr/git-drs/drsmap/drs_map.go:133.62,136.18 3 0
github.com/calypr/git-drs/drsmap/drs_map.go:136.18,138.5 1 0
github.com/calypr/git-drs/drsmap/drs_map.go:140.9,142.18 2 0
github.com/calypr/git-drs/drsmap/drs_map.go:142.18,144.5 1 0
github.com/calypr/git-drs/drsmap/drs_map.go:146.4,154.18 2 0
github.com/calypr/git-drs/drsmap/drs_map.go:154.18,156.5 1 0
github.com/calypr/git-drs/drsmap/drs_map.go:159.2,159.12 1 0
github.com/calypr/git-drs/drsmap/drs_map.go:162.82,164.16 2 1
github.com/calypr/git-drs/drsmap/drs_map.go:164.16,166.3 1 0
github.com/calypr/git-drs/drsmap/drs_map.go:167.2,168.30 2 1
github.com/calypr/git-drs/drsmap/drs_map.go:168.30,169.27 1 1
github.com/calypr/git-drs/drsmap/drs_map.go:169.27,171.12 2 0
github.com/calypr/git-drs/drsmap/drs_map.go:173.3,174.23 2 1
github.com/calypr/git-drs/drsmap/drs_map.go:174.23,176.4 1 0
github.com/calypr/git-drs/drsmap/drs_map.go:177.3,178.36 2 1
github.com/calypr/git-drs/drsmap/drs_map.go:178.36,179.51 1 1
github.com/calypr/git-drs/drsmap/drs_map.go:179.51,182.19 3 1
github.com/calypr/git-drs/drsmap/drs_map.go:182.19,184.6 1 0
github.com/calypr/git-drs/drsmap/drs_map.go:188.3,188.36 1 1
github.com/calypr/git-drs/drsmap/drs_map.go:188.36,192.18 3 1
github.com/calypr/git-drs/drsmap/drs_map.go:192.18,194.5 1 0
github.com/calypr/git-drs/drsmap/drs_map.go:197.2,198.12 2 1
github.com/calypr/git-drs/drsmap/drs_map.go:201.138,207.16 3 5
github.com/calypr/git-drs/drsmap/drs_map.go:207.16,209.3 1 0
github.com/calypr/git-drs/drsmap/drs_map.go:212.2,213.21 2 5
github.com/calypr/git-drs/drsmap/drs_map.go:213.21,215.3 1 0
github.com/calypr/git-drs/drsmap/drs_map.go:219.2,219.32 1 5
github.com/calypr/git-drs/drsmap/drs_map.go:219.32,222.17 2 5
github.com/calypr/git-drs/drsmap/drs_map.go:222.17,224.4 1 0
github.com/calypr/git-drs/drsmap/drs_map.go:225.3,225.48 1 5
github.com/calypr/git-drs/drsmap/drs_map.go:225.48,227.12 2 0
github.com/calypr/git-drs/drsmap/drs_map.go:233.3,238.17 3 5
github.com/calypr/git-drs/drsmap/drs_map.go:238.17,240.4 1 0
github.com/calypr/git-drs/drsmap/drs_map.go:241.3,241.50 1 5
github.com/calypr/git-drs/drsmap/drs_map.go:241.50,243.4 1 0
github.com/calypr/git-drs/drsmap/drs_map.go:245.3,246.17 2 5
github.com/calypr/git-drs/drsmap/drs_map.go:246.17,248.4 1 0
github.com/calypr/git-drs/drsmap/drs_map.go:251.3,252.17 2 5
github.com/calypr/git-drs/drsmap/drs_map.go:252.17,254.4 1 0
github.com/calypr/git-drs/drsmap/drs_map.go:255.3,255.113 1 5
github.com/calypr/git-drs/drsmap/drs_map.go:258.2,258.12 1 5
github.com/calypr/git-drs/drsmap/drs_map.go:261.78,264.16 2 7
github.com/calypr/git-drs/drsmap/drs_map.go:264.16,266.3 1 0
github.com/calypr/git-drs/drsmap/drs_map.go:267.2,267.68 1 7
github.com/calypr/git-drs/drsmap/drs_map.go:267.68,269.3 1 0
github.com/calypr/git-drs/drsmap/drs_map.go:272.2,273.16 2 7
github.com/calypr/git-drs/drsmap/drs_map.go:273.16,275.3 1 0
github.com/calypr/git-drs/drsmap/drs_map.go:276.2,276.12 1 7
github.com/calypr/git-drs/drsmap/drs_map.go:279.52,283.2 2 16
github.com/calypr/git-drs/drsmap/drs_map.go:286.57,289.16 2 5
github.com/calypr/git-drs/drsmap/drs_map.go:289.16,291.3 1 0
github.com/calypr/git-drs/drsmap/drs_map.go:293.2,294.16 2 5
github.com/calypr/git-drs/drsmap/drs_map.go:294.16,296.3 1 0
github.com/calypr/git-drs/drsmap/drs_map.go:298.2,300.16 3 5
github.com/calypr/git-drs/drsmap/drs_map.go:300.16,302.3 1 0
github.com/calypr/git-drs/drsmap/drs_map.go:304.2,304.24 1 5
github.com/calypr/git-drs/drsmap/drs_map.go:307.65,309.20 1 26
github.com/calypr/git-drs/drsmap/drs_map.go:309.20,311.3 1 1
github.com/calypr/git-drs/drsmap/drs_map.go:313.2,313.61 1 25
github.com/calypr/git-drs/drsmap/drs_map.go:322.66,326.16 3 2
github.com/calypr/git-drs/drsmap/drs_map.go:326.16,329.3 1 0
github.com/calypr/git-drs/drsmap/drs_map.go:332.2,332.46 1 2
github.com/calypr/git-drs/drsmap/drs_map.go:332.46,334.3 1 0
github.com/calypr/git-drs/drsmap/drs_map.go:337.2,339.16 3 2
github.com/calypr/git-drs/drsmap/drs_map.go:339.16,341.3 1 0
github.com/calypr/git-drs/drsmap/drs_map.go:344.2,344.31 1 2
github.com/calypr/git-drs/drsmap/drs_map.go:344.31,346.3 1 1
github.com/calypr/git-drs/drsmap/drs_map.go:349.2,360.27 3 1
github.com/calypr/git-drs/drsmap/drs_map.go:363.41,365.16 2 0
github.com/calypr/git-drs/drsmap/drs_map.go:365.16,367.3 1 0
github.com/calypr/git-drs/drsmap/drs_map.go:368.2,369.16 2 0
github.com/calypr/git-drs/drsmap/drs_map.go:369.16,371.3 1 0
github.com/calypr/git-drs/drsmap/drs_map.go:372.2,373.16 2 0
github.com/calypr/git-drs/drsmap/drs_map.go:373.16,375.3 1 0
github.com/calypr/git-drs/drsmap/drs_map.go:376.2,377.16 2 0
github.com/calypr/git-drs/drsmap/drs_map.go:377.16,379.3 1 0
github.com/calypr/git-drs/drsmap/drs_map.go:381.2,382.30 2 0
github.com/calypr/git-drs/drsmap/drs_map.go:382.30,383.113 1 0
github.com/calypr/git-drs/drsmap/drs_map.go:383.113,385.4 1 0
github.com/calypr/git-drs/drsmap/drs_map.go:387.2,387.25 1 0
github.com/calypr/git-drs/drsmap/drs_map.go:390.56,392.16 2 0
github.com/calypr/git-drs/drsmap/drs_map.go:392.16,394.3 1 0
github.com/calypr/git-drs/drsmap/drs_map.go:395.2,396.16 2 0
github.com/calypr/git-drs/drsmap/drs_map.go:396.16,398.3 1 0
github.com/calypr/git-drs/drsmap/drs_map.go:400.2,401.16 2 0
github.com/calypr/git-drs/drsmap/drs_map.go:401.16,403.3 1 0
github.com/calypr/git-drs/drsmap/drs_map.go:405.2,406.20 2 0
github.com/calypr/git-drs/drsmap/drs_map.go:406.20,408.3 1 0
github.com/calypr/git-drs/drsmap/drs_map.go:410.2,412.22 3 0
github.com/calypr/git-drs/drsmap/drs_map.go:415.134,416.19 1 5
github.com/calypr/git-drs/drsmap/drs_map.go:416.19,418.3 1 0
github.com/calypr/git-drs/drsmap/drs_map.go:419.2,420.16 2 5
github.com/calypr/git-drs/drsmap/drs_map.go:420.16,422.3 1 0
github.com/calypr/git-drs/drsmap/drs_map.go:425.2,431.25 2 5
github.com/calypr/git-drs/drsmap/drs_map.go:431.25,433.3 1 0
github.com/calypr/git-drs/drsmap/drs_map.go:434.2,434.29 1 5
github.com/calypr/git-drs/drsmap/drs_map.go:434.29,436.3 1 4
github.com/calypr/git-drs/drsmap/drs_map.go:436.8,438.3 1 1
github.com/calypr/git-drs/drsmap/drs_map.go:440.2,442.27 3 5
github.com/calypr/git-drs/drsmap/drs_map.go:442.27,448.17 3 5
github.com/calypr/git-drs/drsmap/drs_map.go:448.17,450.4 1 0
github.com/calypr/git-drs/drsmap/drs_map.go:452.3,452.81 1 5
github.com/calypr/git-drs/drsmap/drs_map.go:452.81,454.4 1 0
github.com/calypr/git-drs/drsmap/drs_map.go:457.2,457.24 1 5
github.com/calypr/git-drs/drsmap/drs_map.go:460.47,461.24 1 5
github.com/calypr/git-drs/drsmap/drs_map.go:461.24,463.3 1 0
github.com/calypr/git-drs/drsmap/drs_map.go:464.2,466.34 3 5
github.com/calypr/git-drs/drsmap/drs_map.go:466.34,468.19 2 5
github.com/calypr/git-drs/drsmap/drs_map.go:468.19,469.12 1 0
github.com/calypr/git-drs/drsmap/drs_map.go:471.3,472.62 2 5
github.com/calypr/git-drs/drsmap/drs_map.go:472.62,474.4 1 5
github.com/calypr/git-drs/drsmap/drs_map.go:475.3,475.29 1 5
github.com/calypr/git-drs/drsmap/drs_map.go:475.29,476.12 1 0
github.com/calypr/git-drs/drsmap/drs_map.go:478.3,479.27 2 5
github.com/calypr/git-drs/drsmap/drs_map.go:481.2,481.20 1 5
github.com/calypr/git-drs/drsmap/drs_map.go:481.20,483.3 1 0
github.com/calypr/git-drs/drsmap/drs_map.go:484.2,484.13 1 5
github.com/calypr/git-drs/drsmap/drs_map.go:487.111,489.34 1 5
github.com/calypr/git-drs/drsmap/drs_map.go:489.34,492.3 2 0
github.com/calypr/git-drs/drsmap/drs_map.go:495.2,497.75 2 5
github.com/calypr/git-drs/drsmap/drs_map.go:497.75,499.17 2 7
github.com/calypr/git-drs/drsmap/drs_map.go:499.17,500.12 1 0
github.com/calypr/git-drs/drsmap/drs_map.go:502.3,503.21 2 7
github.com/calypr/git-drs/drsmap/drs_map.go:503.21,504.12 1 0
github.com/calypr/git-drs/drsmap/drs_map.go:506.3,510.33 3 7
github.com/calypr/git-drs/drsmap/drs_map.go:510.33,512.12 2 0
github.com/calypr/git-drs/drsmap/drs_map.go:516.3,516.124 1 7
github.com/calypr/git-drs/drsmap/drs_map.go:516.124,518.12 2 2
github.com/calypr/git-drs/drsmap/drs_map.go:522.3,522.86 1 5
github.com/calypr/git-drs/drsmap/drs_map.go:522.86,524.4 1 0
github.com/calypr/git-drs/drsmap/drs_map.go:525.3,527.45 3 5
github.com/calypr/git-drs/drsmap/drs_map.go:527.45,529.4 1 5
github.com/calypr/git-drs/drsmap/drs_map.go:530.3,530.48 1 5
github.com/calypr/git-drs/drsmap/drs_map.go:530.48,532.4 1 5
github.com/calypr/git-drs/drsmap/drs_map.go:532.9,534.12 2 0
github.com/calypr/git-drs/drsmap/drs_map.go:539.3,539.30 1 5
github.com/calypr/git-drs/drsmap/drs_map.go:539.30,540.61 1 3
github.com/calypr/git-drs/drsmap/drs_map.go:540.61,542.112 2 3
github.com/calypr/git-drs/drsmap/drs_map.go:542.112,544.14 2 0
github.com/calypr/git-drs/drsmap/drs_map.go:549.3,555.4 1 5
github.com/calypr/git-drs/drsmap/drs_map.go:559.2,559.12 1 5
github.com/calypr/git-drs/drsmap/drs_map.go:565.63,567.66 2 6
github.com/calypr/git-drs/drsmap/drs_map.go:567.66,569.3 1 2
github.com/calypr/git-drs/drsmap/drs_map.go:570.2,574.25 3 4
github.com/calypr/git-drs/drsmap/drs_map.go:574.25,575.15 1 46
github.com/calypr/git-drs/drsmap/drs_map.go:575.15,577.9 2 3
github.com/calypr/git-drs/drsmap/drs_map.go:580.2,580.20 1 4
github.com/calypr/git-drs/drsmap/drs_map.go:580.20,582.3 1 1
github.com/calypr/git-drs/drsmap/drs_map.go:583.2,585.54 3 3
github.com/calypr/git-drs/drsmap/drs_map.go:590.92,591.23 1 8
github.com/calypr/git-drs/drsmap/drs_map.go:591.23,593.3 1 1
github.com/calypr/git-drs/drsmap/drs_map.go:596.2,597.16 2 7
github.com/calypr/git-drs/drsmap/drs_map.go:597.16,599.3 1 1
github.com/calypr/git-drs/drsmap/drs_map.go:603.2,603.33 1 6
github.com/calypr/git-drs/drsmap/drs_map.go:603.33,604.47 1 7
github.com/calypr/git-drs/drsmap/drs_map.go:604.47,606.36 1 7
github.com/calypr/git-drs/drsmap/drs_map.go:606.36,608.5 1 0
github.com/calypr/git-drs/drsmap/drs_map.go:609.4,609.52 1 7
github.com/calypr/git-drs/drsmap/drs_map.go:609.52,611.5 1 5
github.com/calypr/git-drs/drsmap/drs_map.go:615.2,615.17 1 1
github.com/calypr/git-drs/git-drs.go:11.13,14.16 2 46
github.com/calypr/git-drs/git-drs.go:14.16,17.3 2 0
github.com/calypr/git-drs/git-drs.go:19.2,19.46 1 46
github.com/calypr/git-drs/git-drs.go:19.46,22.3 2 0
github.com/calypr/git-drs/gitrepo/repo.go:14.36,16.16 2 1
github.com/calypr/git-drs/gitrepo/repo.go:16.16,18.3 1 0
github.com/calypr/git-drs/gitrepo/repo.go:19.2,19.49 1 1
github.com/calypr/git-drs/gitrepo/repo.go:23.41,25.16 2 95
github.com/calypr/git-drs/gitrepo/repo.go:25.16,27.3 1 0
github.com/calypr/git-drs/gitrepo/repo.go:28.2,28.81 1 95
github.com/calypr/git-drs/gitrepo/repo.go:32.36,34.16 2 8
github.com/calypr/git-drs/gitrepo/repo.go:34.16,36.3 1 1
github.com/calypr/git-drs/gitrepo/repo.go:37.2,38.16 2 7
github.com/calypr/git-drs/gitrepo/repo.go:38.16,40.3 1 0
github.com/calypr/git-drs/gitrepo/repo.go:41.2,41.34 1 7
github.com/calypr/git-drs/gitrepo/repo.go:46.53,49.16 3 180
github.com/calypr/git-drs/gitrepo/repo.go:49.16,52.3 1 62
github.com/calypr/git-drs/gitrepo/repo.go:53.2,53.44 1 118
github.com/calypr/git-drs/gitrepo/repo.go:57.60,59.32 2 41
github.com/calypr/git-drs/gitrepo/repo.go:59.32,61.3 1 3
github.com/calypr/git-drs/gitrepo/repo.go:62.2,63.16 2 38
github.com/calypr/git-drs/gitrepo/repo.go:63.16,65.3 1 0
github.com/calypr/git-drs/gitrepo/repo.go:66.2,66.12 1 38
github.com/calypr/git-drs/gitrepo/repo.go:70.59,72.32 2 82
github.com/calypr/git-drs/gitrepo/repo.go:72.32,74.3 1 6
github.com/calypr/git-drs/gitrepo/repo.go:75.2,76.16 2 76
github.com/calypr/git-drs/gitrepo/repo.go:76.16,78.3 1 0
github.com/calypr/git-drs/gitrepo/repo.go:79.2,79.12 1 76
github.com/calypr/git-drs/gitrepo/repo.go:82.59,84.16 2 6
github.com/calypr/git-drs/gitrepo/repo.go:84.16,86.3 1 0
github.com/calypr/git-drs/gitrepo/repo.go:87.2,88.16 2 6
github.com/calypr/git-drs/gitrepo/repo.go:88.16,90.3 1 0
github.com/calypr/git-drs/gitrepo/repo.go:92.2,92.34 1 6
github.com/calypr/git-drs/gitrepo/repo.go:92.34,94.22 2 54
github.com/calypr/git-drs/gitrepo/repo.go:94.22,96.4 1 18
github.com/calypr/git-drs/gitrepo/repo.go:96.9,96.28 1 36
github.com/calypr/git-drs/gitrepo/repo.go:96.28,102.4 4 36
github.com/calypr/git-drs/gitrepo/repo.go:105.2,105.36 1 6
github.com/calypr/git-drs/gitrepo/repo.go:109.39,111.16 2 6
github.com/calypr/git-drs/gitrepo/repo.go:111.16,113.3 1 0
github.com/calypr/git-drs/gitrepo/repo.go:114.2,115.16 2 6
github.com/calypr/git-drs/gitrepo/repo.go:115.16,117.3 1 0
github.com/calypr/git-drs/gitrepo/repo.go:120.2,120.66 1 6
github.com/calypr/git-drs/gitrepo/repo.go:124.33,126.16 2 1
github.com/calypr/git-drs/gitrepo/repo.go:126.16,128.3 1 0
github.com/calypr/git-drs/gitrepo/repo.go:129.2,130.16 2 1
github.com/calypr/git-drs/gitrepo/repo.go:130.16,132.3 1 0
github.com/calypr/git-drs/gitrepo/repo.go:133.2,134.12 2 1
github.com/calypr/git-drs/internal/testutils/config.go:15.44,40.19 18 14
github.com/calypr/git-drs/internal/testutils/config.go:40.19,43.3 2 14
github.com/calypr/git-drs/internal/testutils/config.go:45.2,45.15 1 14
github.com/calypr/git-drs/internal/testutils/config.go:49.72,53.39 2 5
github.com/calypr/git-drs/internal/testutils/config.go:53.39,58.3 4 20
github.com/calypr/git-drs/internal/testutils/config.go:60.2,60.29 1 5
github.com/calypr/git-drs/internal/testutils/config.go:60.29,62.3 1 4
github.com/calypr/git-drs/internal/testutils/config.go:64.2,64.40 1 5
github.com/calypr/git-drs/internal/testutils/config.go:64.40,66.25 2 4
github.com/calypr/git-drs/internal/testutils/config.go:66.25,71.4 4 4
github.com/calypr/git-drs/internal/testutils/config.go:71.9,71.33 1 0
github.com/calypr/git-drs/internal/testutils/config.go:71.33,73.4 1 0
github.com/calypr/git-drs/internal/testutils/config.go:78.74,96.2 4 4
github.com/calypr/git-drs/internal/testutils/output.go:13.51,22.15 6 6
github.com/calypr/git-drs/internal/testutils/output.go:22.15,24.3 1 6
github.com/calypr/git-drs/internal/testutils/output.go:26.2,27.12 2 6
github.com/calypr/git-drs/internal/testutils/output.go:27.12,31.3 3 6
github.com/calypr/git-drs/internal/testutils/output.go:33.2,38.15 4 6
github.com/calypr/git-drs/internal/testutils/test_helpers.go:10.51,15.15 3 7
github.com/calypr/git-drs/internal/testutils/test_helpers.go:15.15,15.36 1 7
github.com/calypr/git-drs/internal/testutils/test_helpers.go:18.2,20.42 2 7
github.com/calypr/git-drs/internal/testutils/test_helpers.go:24.35,36.27 3 7
github.com/calypr/git-drs/internal/testutils/test_helpers.go:36.27,37.37 1 21
github.com/calypr/git-drs/internal/testutils/test_helpers.go:37.37,38.25 1 21
github.com/calypr/git-drs/internal/testutils/test_helpers.go:38.25,40.5 1 21
github.com/calypr/git-drs/lfs/lfs-track.go:21.59,22.15 1 174
github.com/calypr/git-drs/lfs/lfs-track.go:22.15,23.31 1 174
github.com/calypr/git-drs/lfs/lfs-track.go:23.31,25.4 1 0
github.com/calypr/git-drs/lfs/lfs-track.go:27.2,27.31 1 174
github.com/calypr/git-drs/lfs/lfs-track.go:38.65,40.16 2 45
github.com/calypr/git-drs/lfs/lfs-track.go:40.16,42.3 1 0
github.com/calypr/git-drs/lfs/lfs-track.go:44.2,45.27 2 45
github.com/calypr/git-drs/lfs/lfs-track.go:45.27,47.36 2 174
github.com/calypr/git-drs/lfs/lfs-track.go:47.36,49.17 2 444
github.com/calypr/git-drs/lfs/lfs-track.go:49.17,51.5 1 45
github.com/calypr/git-drs/lfs/lfs-track.go:51.10,51.26 1 399
github.com/calypr/git-drs/lfs/lfs-track.go:51.26,53.5 1 90
github.com/calypr/git-drs/lfs/lfs-track.go:53.10,53.29 1 309
github.com/calypr/git-drs/lfs/lfs-track.go:53.29,55.5 1 309
github.com/calypr/git-drs/lfs/lfs-track.go:58.3,59.41 2 174
github.com/calypr/git-drs/lfs/lfs-track.go:59.41,61.4 1 174
github.com/calypr/git-drs/lfs/lfs-track.go:65.3,71.5 2 174
github.com/calypr/git-drs/lfs/lfs-track.go:74.2,74.24 1 45
github.com/calypr/git-drs/lfs/lfs-track.go:77.73,79.16 2 3
github.com/calypr/git-drs/lfs/lfs-track.go:79.16,81.3 1 0
github.com/calypr/git-drs/lfs/lfs-track.go:83.2,83.61 1 3
github.com/calypr/git-drs/lfs/lfs-track.go:87.79,89.16 2 28
github.com/calypr/git-drs/lfs/lfs-track.go:89.16,91.3 1 0
github.com/calypr/git-drs/lfs/lfs-track.go:93.2,97.85 3 28
github.com/calypr/git-drs/lfs/lfs-track.go:97.85,99.3 1 0
github.com/calypr/git-drs/lfs/lfs-track.go:101.2,101.34 1 28
github.com/calypr/git-drs/lfs/lfs-track.go:101.34,103.26 2 152
github.com/calypr/git-drs/lfs/lfs-track.go:103.26,105.4 1 152
github.com/calypr/git-drs/lfs/lfs-track.go:107.3,107.14 1 152
github.com/calypr/git-drs/lfs/lfs-track.go:107.14,108.59 1 25
github.com/calypr/git-drs/lfs/lfs-track.go:108.59,110.5 1 22
github.com/calypr/git-drs/lfs/lfs-track.go:114.2,114.19 1 28
github.com/calypr/git-drs/lfs/messages.go:89.85,98.2 2 2
github.com/calypr/git-drs/lfs/messages.go:100.93,111.2 2 1
github.com/calypr/git-drs/lfs/messages.go:113.84,121.2 2 9
github.com/calypr/git-drs/lfs/messages.go:123.111,131.2 2 10141
github.com/calypr/git-drs/lfs/messages.go:135.98,136.58 1 8
github.com/calypr/git-drs/lfs/messages.go:136.58,137.27 1 10186
github.com/calypr/git-drs/lfs/messages.go:137.27,141.4 1 50
github.com/calypr/git-drs/lfs/messages.go:142.3,143.13 2 10136
github.com/calypr/git-drs/lfs/store.go:22.71,26.55 3 1
github.com/calypr/git-drs/lfs/store.go:26.55,28.3 1 0
github.com/calypr/git-drs/lfs/store.go:29.2,29.88 1 1
github.com/calypr/git-drs/lfs/store.go:29.88,30.17 1 5
github.com/calypr/git-drs/lfs/store.go:30.17,32.4 1 0
github.com/calypr/git-drs/lfs/store.go:33.3,33.19 1 5
github.com/calypr/git-drs/lfs/store.go:33.19,35.4 1 3
github.com/calypr/git-drs/lfs/store.go:36.3,37.17 2 2
github.com/calypr/git-drs/lfs/store.go:37.17,39.4 1 0
github.com/calypr/git-drs/lfs/store.go:40.3,41.22 2 2
github.com/calypr/git-drs/lfs/store.go:41.22,44.4 2 1
github.com/calypr/git-drs/lfs/store.go:45.3,49.13 3 1
github.com/calypr/git-drs/lfs/store.go:51.2,51.16 1 1
github.com/calypr/git-drs/lfs/store.go:51.16,53.3 1 0
github.com/calypr/git-drs/lfs/store.go:54.2,55.21 2 1
github.com/calypr/git-drs/lfs/store.go:58.79,61.55 3 1
github.com/calypr/git-drs/lfs/store.go:61.55,64.3 2 0
github.com/calypr/git-drs/lfs/store.go:66.2,66.88 1 1
github.com/calypr/git-drs/lfs/store.go:66.88,67.17 1 6
github.com/calypr/git-drs/lfs/store.go:67.17,70.4 2 0
github.com/calypr/git-drs/lfs/store.go:71.3,71.19 1 6
github.com/calypr/git-drs/lfs/store.go:71.19,73.4 1 3
github.com/calypr/git-drs/lfs/store.go:74.3,75.17 2 3
github.com/calypr/git-drs/lfs/store.go:75.17,77.4 1 0
github.com/calypr/git-drs/lfs/store.go:78.3,79.22 2 3
github.com/calypr/git-drs/lfs/store.go:79.22,82.4 2 1
github.com/calypr/git-drs/lfs/store.go:83.3,84.17 2 2
github.com/calypr/git-drs/lfs/store.go:84.17,87.4 2 0
github.com/calypr/git-drs/lfs/store.go:88.3,89.73 2 2
github.com/calypr/git-drs/lfs/store.go:89.73,92.4 2 1
github.com/calypr/git-drs/lfs/store.go:95.3,95.39 1 1
github.com/calypr/git-drs/lfs/store.go:95.39,97.4 1 1
github.com/calypr/git-drs/lfs/store.go:99.3,100.13 2 1
github.com/calypr/git-drs/lfs/store.go:102.2,102.16 1 1
github.com/calypr/git-drs/lfs/store.go:102.16,104.3 1 0
github.com/calypr/git-drs/lfs/store.go:105.2,106.21 2 1
github.com/calypr/git-drs/lfs/util.go:16.32,18.16 2 1
github.com/calypr/git-drs/lfs/util.go:18.16,20.3 1 0
github.com/calypr/git-drs/lfs/util.go:21.2,21.56 1 1
github.com/calypr/git-drs/lfs/util.go:29.74,31.16 2 3
github.com/calypr/git-drs/lfs/util.go:31.16,33.3 1 2
github.com/calypr/git-drs/lfs/util.go:34.2,36.16 3 1
github.com/calypr/git-drs/lfs/util.go:36.16,38.3 1 0
github.com/calypr/git-drs/lfs/util.go:39.2,40.16 2 1
github.com/calypr/git-drs/lfs/util.go:40.16,42.3 1 0
github.com/calypr/git-drs/lfs/util.go:43.2,43.34 1 1
github.com/calypr/git-drs/lfs/util.go:46.38,48.16 2 1
github.com/calypr/git-drs/lfs/util.go:48.16,50.3 1 0
github.com/calypr/git-drs/lfs/util.go:51.2,52.43 2 1
github.com/calypr/git-drs/s3_utils/s3.go:43.96,47.2 1 1
github.com/calypr/git-drs/s3_utils/s3.go:60.51,61.33 1 1
github.com/calypr/git-drs/s3_utils/s3.go:61.33,63.3 1 1
github.com/calypr/git-drs/s3_utils/s3.go:67.55,68.33 1 1
github.com/calypr/git-drs/s3_utils/s3.go:68.33,70.3 1 1
github.com/calypr/git-drs/s3_utils/s3.go:74.51,75.33 1 1
github.com/calypr/git-drs/s3_utils/s3.go:75.33,77.3 1 1
github.com/calypr/git-drs/s3_utils/validate.go:9.56,10.40 1 26
github.com/calypr/git-drs/s3_utils/validate.go:10.40,12.3 1 8
github.com/calypr/git-drs/s3_utils/validate.go:15.2,16.23 2 18
github.com/calypr/git-drs/s3_utils/validate.go:16.23,18.3 1 5
github.com/calypr/git-drs/s3_utils/validate.go:20.2,20.52 1 13
github.com/calypr/git-drs/s3_utils/validate.go:20.52,22.3 1 2
github.com/calypr/git-drs/s3_utils/validate.go:24.2,24.12 1 11
github.com/calypr/git-drs/tests/monorepos/generate-fixtures.go:34.13,44.21 7 0
github.com/calypr/git-drs/tests/monorepos/generate-fixtures.go:44.21,46.17 2 0
github.com/calypr/git-drs/tests/monorepos/generate-fixtures.go:46.17,47.12 1 0
github.com/calypr/git-drs/tests/monorepos/generate-fixtures.go:49.3,49.34 1 0
github.com/calypr/git-drs/tests/monorepos/generate-fixtures.go:51.2,51.38 1 0
github.com/calypr/git-drs/tests/monorepos/generate-fixtures.go:51.38,54.3 2 0
github.com/calypr/git-drs/tests/monorepos/generate-fixtures.go:56.2,56.23 1 0
github.com/calypr/git-drs/tests/monorepos/generate-fixtures.go:56.23,59.3 2 0
github.com/calypr/git-drs/tests/monorepos/generate-fixtures.go:62.2,63.61 2 0
github.com/calypr/git-drs/tests/monorepos/generate-fixtures.go:63.61,65.3 1 0
github.com/calypr/git-drs/tests/monorepos/generate-fixtures.go:66.2,68.31 2 0
github.com/calypr/git-drs/tests/monorepos/generate-fixtures.go:68.31,71.28 2 0
github.com/calypr/git-drs/tests/monorepos/generate-fixtures.go:71.28,73.12 2 0
github.com/calypr/git-drs/tests/monorepos/generate-fixtures.go:75.3,75.79 1 0
github.com/calypr/git-drs/tests/monorepos/generate-fixtures.go:75.79,77.12 2 0
github.com/calypr/git-drs/tests/monorepos/generate-fixtures.go:80.3,80.51 1 0
github.com/calypr/git-drs/tests/monorepos/generate-fixtures.go:80.51,82.12 2 0
github.com/calypr/git-drs/tests/monorepos/generate-fixtures.go:86.3,87.26 2 0
github.com/calypr/git-drs/tests/monorepos/generate-fixtures.go:87.26,88.27 1 0
github.com/calypr/git-drs/tests/monorepos/generate-fixtures.go:88.27,90.13 2 0
github.com/calypr/git-drs/tests/monorepos/generate-fixtures.go:92.4,92.26 1 0
github.com/calypr/git-drs/tests/monorepos/generate-fixtures.go:93.9,95.4 1 0
github.com/calypr/git-drs/tests/monorepos/generate-fixtures.go:97.3,97.33 1 0
github.com/calypr/git-drs/tests/monorepos/generate-fixtures.go:97.33,99.53 2 0
github.com/calypr/git-drs/tests/monorepos/generate-fixtures.go:99.53,101.13 2 0
github.com/calypr/git-drs/tests/monorepos/generate-fixtures.go:105.4,106.25 2 0
github.com/calypr/git-drs/tests/monorepos/generate-fixtures.go:106.25,107.26 1 0
github.com/calypr/git-drs/tests/monorepos/generate-fixtures.go:107.26,109.14 2 0
github.com/calypr/git-drs/tests/monorepos/generate-fixtures.go:111.5,111.27 1 0
github.com/calypr/git-drs/tests/monorepos/generate-fixtures.go:112.10,114.5 1 0
github.com/calypr/git-drs/tests/monorepos/generate-fixtures.go:116.4,116.36 1 0
github.com/calypr/git-drs/tests/monorepos/generate-fixtures.go:116.36,120.64 4 0
github.com/calypr/git-drs/tests/monorepos/generate-fixtures.go:120.64,122.6 1 0
github.com/calypr/git-drs/tests/monorepos/generate-fixtures.go:124.4,124.70 1 0
github.com/calypr/git-drs/tests/monorepos/generate-fixtures.go:126.3,126.65 1 0
github.com/calypr/git-drs/utils/util.go:13.47,15.16 2 3
github.com/calypr/git-drs/utils/util.go:15.16,17.3 1 1
github.com/calypr/git-drs/utils/util.go:18.2,20.28 3 2
github.com/calypr/git-drs/utils/util.go:25.46,27.16 2 2
github.com/calypr/git-drs/utils/util.go:27.16,29.3 1 0
github.com/calypr/git-drs/utils/util.go:30.2,33.16 3 2
github.com/calypr/git-drs/utils/util.go:33.16,35.3 1 0
github.com/calypr/git-drs/utils/util.go:36.2,38.86 2 2
github.com/calypr/git-drs/utils/util.go:38.86,40.3 1 1
github.com/calypr/git-drs/utils/util.go:42.2,42.78 1 1
github.com/calypr/git-drs/utils/util.go:45.62,48.16 3 5
github.com/calypr/git-drs/utils/util.go:48.16,50.3 1 1
github.com/calypr/git-drs/utils/util.go:51.2,52.9 2 4
github.com/calypr/git-drs/utils/util.go:52.9,54.3 1 1
github.com/calypr/git-drs/utils/util.go:55.2,56.9 2 3
github.com/calypr/git-drs/utils/util.go:56.9,58.3 1 1
github.com/calypr/git-drs/utils/util.go:59.2,60.9 2 2
github.com/calypr/git-drs/utils/util.go:60.9,62.3 1 1
github.com/calypr/git-drs/utils/util.go:63.2,63.18 1 1
github.com/calypr/git-drs/utils/util.go:66.68,69.16 3 7
github.com/calypr/git-drs/utils/util.go:69.16,71.3 1 0
github.com/calypr/git-drs/utils/util.go:72.2,73.9 2 7
github.com/calypr/git-drs/utils/util.go:73.9,75.3 1 1
github.com/calypr/git-drs/utils/util.go:76.2,77.16 2 6
github.com/calypr/git-drs/utils/util.go:77.16,79.3 1 1
github.com/calypr/git-drs/utils/util.go:80.2,80.70 1 5
github.com/calypr/git-drs/utils/util.go:83.55,85.41 2 13
github.com/calypr/git-drs/utils/util.go:85.41,87.3 1 4
github.com/calypr/git-drs/utils/util.go:88.2,90.54 3 9
github.com/calypr/git-drs/utils/util.go:90.54,92.3 1 4
github.com/calypr/git-drs/utils/util.go:93.2,93.58 1 5
github.com/calypr/git-drs/utils/util.go:97.35,98.18 1 6
github.com/calypr/git-drs/utils/util.go:98.18,100.3 1 3
github.com/calypr/git-drs/utils/util.go:101.2,101.22 1 3
github.com/calypr/git-drs/utils/util.go:101.22,102.75 1 129
github.com/calypr/git-drs/utils/util.go:102.75,104.4 1 1
github.com/calypr/git-drs/utils/util.go:106.2,106.13 1 2
github.com/calypr/git-drs/version/version.go:22.22,24.2 1 1
github.com/calypr/git-drs/version/version.go:27.24,35.2 1 1
